update-alternatives 2018-07-05 17:02:21: run with --quiet --remove pager /bin/less
update-alternatives 2018-07-05 17:02:21: link group pager updated to point to /bin/more
update-alternatives 2018-07-05 17:02:22: run with --remove text.plymouth /usr/share/plymouth/themes/ubuntu-text/ubuntu-text.plymouth
update-alternatives 2018-07-05 17:02:22: link group text.plymouth fully removed
update-alternatives 2018-07-05 17:02:23: run with --remove-all newt-palette
update-alternatives 2018-07-05 17:02:23: link group newt-palette fully removed
update-alternatives 2018-07-05 17:02:24: run with --remove vi /usr/bin/vim.basic
update-alternatives 2018-07-05 17:02:24: link group vi fully removed
update-alternatives 2018-07-05 17:02:24: run with --remove view /usr/bin/vim.basic
update-alternatives 2018-07-05 17:02:24: link group view fully removed
update-alternatives 2018-07-05 17:02:24: run with --remove ex /usr/bin/vim.basic
update-alternatives 2018-07-05 17:02:24: link group ex fully removed
update-alternatives 2018-07-05 17:02:24: run with --remove editor /usr/bin/vim.basic
update-alternatives 2018-07-05 17:02:24: link group editor fully removed
update-alternatives 2018-07-05 17:02:24: run with --remove rvim /usr/bin/vim.basic
update-alternatives 2018-07-05 17:02:24: link group rvim fully removed
update-alternatives 2018-07-05 17:02:24: run with --remove rview /usr/bin/vim.basic
update-alternatives 2018-07-05 17:02:24: link group rview fully removed
update-alternatives 2018-07-05 17:02:24: run with --remove vimdiff /usr/bin/vim.basic
update-alternatives 2018-07-05 17:02:24: link group vimdiff fully removed
update-alternatives 2018-07-05 17:02:24: run with --remove vim /usr/bin/vim.basic
update-alternatives 2018-07-05 17:02:24: link group vim fully removed
update-alternatives 2018-07-05 17:02:26: run with --remove vtrgb /etc/console-setup/vtrgb
update-alternatives 2018-07-05 17:02:26: link group vtrgb updated to point to /etc/console-setup/vtrgb.vga
update-alternatives 2018-07-05 17:02:26: run with --remove vtrgb /etc/console-setup/vtrgb.vga
update-alternatives 2018-07-05 17:02:26: link group vtrgb fully removed
update-alternatives 2018-07-11 19:54:30: run with --quiet --install /usr/bin/pager pager /bin/less 77 --slave /usr/share/man/man1/pager.1.gz pager.1.gz /usr/share/man/man1/less.1.gz
update-alternatives 2018-07-11 19:54:30: link group pager updated to point to /bin/less
update-alternatives 2018-07-11 19:54:30: run with --quiet --remove pager /usr/bin/less
update-alternatives 2018-07-11 19:54:30: run with --quiet --install /usr/bin/pager pager /bin/less 77 --slave /usr/share/man/man1/pager.1.gz pager.1.gz /usr/share/man/man1/less.1.gz
update-alternatives 2018-07-11 19:54:30: run with --quiet --remove pager /usr/bin/less
update-alternatives 2018-07-11 19:54:44: run with --install /usr/bin/vim vim /usr/bin/vim.basic 30
update-alternatives 2018-07-11 19:54:44: link group vim updated to point to /usr/bin/vim.basic
update-alternatives 2018-07-11 19:54:44: run with --install /usr/bin/vimdiff vimdiff /usr/bin/vim.basic 30
update-alternatives 2018-07-11 19:54:44: link group vimdiff updated to point to /usr/bin/vim.basic
update-alternatives 2018-07-11 19:54:44: run with --install /usr/bin/rvim rvim /usr/bin/vim.basic 30
update-alternatives 2018-07-11 19:54:44: link group rvim updated to point to /usr/bin/vim.basic
update-alternatives 2018-07-11 19:54:44: run with --install /usr/bin/rview rview /usr/bin/vim.basic 30
update-alternatives 2018-07-11 19:54:44: link group rview updated to point to /usr/bin/vim.basic
update-alternatives 2018-07-11 19:54:44: run with --install /usr/bin/vi vi /usr/bin/vim.basic 30 --slave /usr/share/man/fr/man1/vi.1.gz vi.fr.1.gz /usr/share/man/fr/man1/vim.1.gz --slave /usr/share/man/it/man1/vi.1.gz vi.it.1.gz /usr/share/man/it/man1/vim.1.gz --slave /usr/share/man/pl/man1/vi.1.gz vi.pl.1.gz /usr/share/man/pl/man1/vim.1.gz --slave /usr/share/man/ru/man1/vi.1.gz vi.ru.1.gz /usr/share/man/ru/man1/vim.1.gz --slave /usr/share/man/ja/man1/vi.1.gz vi.ja.1.gz /usr/share/man/ja/man1/vim.1.gz --slave /usr/share/man/man1/vi.1.gz vi.1.gz /usr/share/man/man1/vim.1.gz
update-alternatives 2018-07-11 19:54:44: link group vi updated to point to /usr/bin/vim.basic
update-alternatives 2018-07-11 19:54:44: run with --install /usr/bin/view view /usr/bin/vim.basic 30 --slave /usr/share/man/fr/man1/view.1.gz view.fr.1.gz /usr/share/man/fr/man1/vim.1.gz --slave /usr/share/man/it/man1/view.1.gz view.it.1.gz /usr/share/man/it/man1/vim.1.gz --slave /usr/share/man/pl/man1/view.1.gz view.pl.1.gz /usr/share/man/pl/man1/vim.1.gz --slave /usr/share/man/ru/man1/view.1.gz view.ru.1.gz /usr/share/man/ru/man1/vim.1.gz --slave /usr/share/man/ja/man1/view.1.gz view.ja.1.gz /usr/share/man/ja/man1/vim.1.gz --slave /usr/share/man/man1/view.1.gz view.1.gz /usr/share/man/man1/vim.1.gz
update-alternatives 2018-07-11 19:54:44: link group view updated to point to /usr/bin/vim.basic
update-alternatives 2018-07-11 19:54:44: run with --install /usr/bin/ex ex /usr/bin/vim.basic 30 --slave /usr/share/man/fr/man1/ex.1.gz ex.fr.1.gz /usr/share/man/fr/man1/vim.1.gz --slave /usr/share/man/it/man1/ex.1.gz ex.it.1.gz /usr/share/man/it/man1/vim.1.gz --slave /usr/share/man/pl/man1/ex.1.gz ex.pl.1.gz /usr/share/man/pl/man1/vim.1.gz --slave /usr/share/man/ru/man1/ex.1.gz ex.ru.1.gz /usr/share/man/ru/man1/vim.1.gz --slave /usr/share/man/ja/man1/ex.1.gz ex.ja.1.gz /usr/share/man/ja/man1/vim.1.gz --slave /usr/share/man/man1/ex.1.gz ex.1.gz /usr/share/man/man1/vim.1.gz
update-alternatives 2018-07-11 19:54:44: link group ex updated to point to /usr/bin/vim.basic
update-alternatives 2018-07-11 19:54:44: run with --install /usr/bin/editor editor /usr/bin/vim.basic 30 --slave /usr/share/man/fr/man1/editor.1.gz editor.fr.1.gz /usr/share/man/fr/man1/vim.1.gz --slave /usr/share/man/it/man1/editor.1.gz editor.it.1.gz /usr/share/man/it/man1/vim.1.gz --slave /usr/share/man/pl/man1/editor.1.gz editor.pl.1.gz /usr/share/man/pl/man1/vim.1.gz --slave /usr/share/man/ru/man1/editor.1.gz editor.ru.1.gz /usr/share/man/ru/man1/vim.1.gz --slave /usr/share/man/ja/man1/editor.1.gz editor.ja.1.gz /usr/share/man/ja/man1/vim.1.gz --slave /usr/share/man/man1/editor.1.gz editor.1.gz /usr/share/man/man1/vim.1.gz
update-alternatives 2018-07-11 19:54:44: link group editor updated to point to /usr/bin/vim.basic
