2018-07-05 17:02:19 startup packages purge
2018-07-05 17:02:19 status installed apport-symptoms:all 0.20
2018-07-05 17:02:19 remove apport-symptoms:all 0.20 <none>
2018-07-05 17:02:19 status half-configured apport-symptoms:all 0.20
2018-07-05 17:02:19 status half-installed apport-symptoms:all 0.20
2018-07-05 17:02:19 status config-files apport-symptoms:all 0.20
2018-07-05 17:02:19 status config-files apport-symptoms:all 0.20
2018-07-05 17:02:19 status config-files apport-symptoms:all 0.20
2018-07-05 17:02:19 status not-installed apport-symptoms:all <none>
2018-07-05 17:02:19 status installed busybox-static:amd64 1:1.22.0-15ubuntu1
2018-07-05 17:02:19 remove busybox-static:amd64 1:1.22.0-15ubuntu1 <none>
2018-07-05 17:02:19 status half-configured busybox-static:amd64 1:1.22.0-15ubuntu1
2018-07-05 17:02:19 status half-installed busybox-static:amd64 1:1.22.0-15ubuntu1
2018-07-05 17:02:19 status config-files busybox-static:amd64 1:1.22.0-15ubuntu1
2018-07-05 17:02:19 status config-files busybox-static:amd64 1:1.22.0-15ubuntu1
2018-07-05 17:02:19 status config-files busybox-static:amd64 1:1.22.0-15ubuntu1
2018-07-05 17:02:19 status not-installed busybox-static:amd64 <none>
2018-07-05 17:02:19 status installed ubuntu-server:amd64 1.361.1
2018-07-05 17:02:19 remove ubuntu-server:amd64 1.361.1 <none>
2018-07-05 17:02:19 status half-configured ubuntu-server:amd64 1.361.1
2018-07-05 17:02:19 status half-installed ubuntu-server:amd64 1.361.1
2018-07-05 17:02:19 status config-files ubuntu-server:amd64 1.361.1
2018-07-05 17:02:19 status config-files ubuntu-server:amd64 1.361.1
2018-07-05 17:02:19 status config-files ubuntu-server:amd64 1.361.1
2018-07-05 17:02:19 status not-installed ubuntu-server:amd64 <none>
2018-07-05 17:02:19 status installed byobu:all 5.106-0ubuntu1
2018-07-05 17:02:19 remove byobu:all 5.106-0ubuntu1 <none>
2018-07-05 17:02:19 status half-configured byobu:all 5.106-0ubuntu1
2018-07-05 17:02:19 status half-installed byobu:all 5.106-0ubuntu1
2018-07-05 17:02:19 status config-files byobu:all 5.106-0ubuntu1
2018-07-05 17:02:19 purge byobu:all 5.106-0ubuntu1 <none>
2018-07-05 17:02:19 status config-files byobu:all 5.106-0ubuntu1
2018-07-05 17:02:19 status config-files byobu:all 5.106-0ubuntu1
2018-07-05 17:02:19 status config-files byobu:all 5.106-0ubuntu1
2018-07-05 17:02:19 status config-files byobu:all 5.106-0ubuntu1
2018-07-05 17:02:19 status config-files byobu:all 5.106-0ubuntu1
2018-07-05 17:02:19 status not-installed byobu:all <none>
2018-07-05 17:02:19 status installed kbd:amd64 1.15.5-1ubuntu5
2018-07-05 17:02:19 status installed console-setup:all 1.108ubuntu15.4
2018-07-05 17:02:19 status installed console-setup-linux:all 1.108ubuntu15.4
2018-07-05 17:02:19 status installed overlayroot:all 0.27ubuntu1.5
2018-07-05 17:02:19 remove overlayroot:all 0.27ubuntu1.5 <none>
2018-07-05 17:02:19 status half-configured overlayroot:all 0.27ubuntu1.5
2018-07-05 17:02:19 status half-installed overlayroot:all 0.27ubuntu1.5
2018-07-05 17:02:19 status triggers-pending initramfs-tools:all 0.122ubuntu8.11
2018-07-05 17:02:19 status half-installed overlayroot:all 0.27ubuntu1.5
2018-07-05 17:02:19 status config-files overlayroot:all 0.27ubuntu1.5
2018-07-05 17:02:19 purge overlayroot:all 0.27ubuntu1.5 <none>
2018-07-05 17:02:19 status config-files overlayroot:all 0.27ubuntu1.5
2018-07-05 17:02:19 status config-files overlayroot:all 0.27ubuntu1.5
2018-07-05 17:02:19 status config-files overlayroot:all 0.27ubuntu1.5
2018-07-05 17:02:19 status config-files overlayroot:all 0.27ubuntu1.5
2018-07-05 17:02:19 status config-files overlayroot:all 0.27ubuntu1.5
2018-07-05 17:02:19 status config-files overlayroot:all 0.27ubuntu1.5
2018-07-05 17:02:19 status not-installed overlayroot:all <none>
2018-07-05 17:02:19 status installed cryptsetup:amd64 2:1.6.6-5ubuntu2.1
2018-07-05 17:02:19 remove cryptsetup:amd64 2:1.6.6-5ubuntu2.1 <none>
2018-07-05 17:02:19 status half-configured cryptsetup:amd64 2:1.6.6-5ubuntu2.1
2018-07-05 17:02:20 status half-installed cryptsetup:amd64 2:1.6.6-5ubuntu2.1
2018-07-05 17:02:20 status config-files cryptsetup:amd64 2:1.6.6-5ubuntu2.1
2018-07-05 17:02:20 purge cryptsetup:amd64 2:1.6.6-5ubuntu2.1 <none>
2018-07-05 17:02:20 status config-files cryptsetup:amd64 2:1.6.6-5ubuntu2.1
2018-07-05 17:02:20 status config-files cryptsetup:amd64 2:1.6.6-5ubuntu2.1
2018-07-05 17:02:20 status config-files cryptsetup:amd64 2:1.6.6-5ubuntu2.1
2018-07-05 17:02:21 status config-files cryptsetup:amd64 2:1.6.6-5ubuntu2.1
2018-07-05 17:02:21 status config-files cryptsetup:amd64 2:1.6.6-5ubuntu2.1
2018-07-05 17:02:21 status not-installed cryptsetup:amd64 <none>
2018-07-05 17:02:21 status installed file:amd64 1:5.25-2ubuntu1.1
2018-07-05 17:02:21 remove file:amd64 1:5.25-2ubuntu1.1 <none>
2018-07-05 17:02:21 status half-configured file:amd64 1:5.25-2ubuntu1.1
2018-07-05 17:02:21 status half-installed file:amd64 1:5.25-2ubuntu1.1
2018-07-05 17:02:21 status config-files file:amd64 1:5.25-2ubuntu1.1
2018-07-05 17:02:21 status config-files file:amd64 1:5.25-2ubuntu1.1
2018-07-05 17:02:21 status config-files file:amd64 1:5.25-2ubuntu1.1
2018-07-05 17:02:21 status not-installed file:amd64 <none>
2018-07-05 17:02:21 status installed git:amd64 1:2.7.4-0ubuntu1.4
2018-07-05 17:02:21 remove git:amd64 1:2.7.4-0ubuntu1.4 <none>
2018-07-05 17:02:21 status half-configured git:amd64 1:2.7.4-0ubuntu1.4
2018-07-05 17:02:21 status half-installed git:amd64 1:2.7.4-0ubuntu1.4
2018-07-05 17:02:21 status config-files git:amd64 1:2.7.4-0ubuntu1.4
2018-07-05 17:02:21 purge git:amd64 1:2.7.4-0ubuntu1.4 <none>
2018-07-05 17:02:21 status config-files git:amd64 1:2.7.4-0ubuntu1.4
2018-07-05 17:02:21 status config-files git:amd64 1:2.7.4-0ubuntu1.4
2018-07-05 17:02:21 status config-files git:amd64 1:2.7.4-0ubuntu1.4
2018-07-05 17:02:21 status config-files git:amd64 1:2.7.4-0ubuntu1.4
2018-07-05 17:02:21 status config-files git:amd64 1:2.7.4-0ubuntu1.4
2018-07-05 17:02:21 status not-installed git:amd64 <none>
2018-07-05 17:02:21 status installed software-properties-common:all 0.96.20.7
2018-07-05 17:02:21 remove software-properties-common:all 0.96.20.7 <none>
2018-07-05 17:02:21 status half-configured software-properties-common:all 0.96.20.7
2018-07-05 17:02:21 status half-installed software-properties-common:all 0.96.20.7
2018-07-05 17:02:21 status triggers-pending dbus:amd64 1.10.6-1ubuntu3.3
2018-07-05 17:02:21 status config-files software-properties-common:all 0.96.20.7
2018-07-05 17:02:21 purge software-properties-common:all 0.96.20.7 <none>
2018-07-05 17:02:21 status config-files software-properties-common:all 0.96.20.7
2018-07-05 17:02:21 status config-files software-properties-common:all 0.96.20.7
2018-07-05 17:02:21 status config-files software-properties-common:all 0.96.20.7
2018-07-05 17:02:21 status config-files software-properties-common:all 0.96.20.7
2018-07-05 17:02:21 status config-files software-properties-common:all 0.96.20.7
2018-07-05 17:02:21 status not-installed software-properties-common:all <none>
2018-07-05 17:02:21 status installed python3-software-properties:all 0.96.20.7
2018-07-05 17:02:21 remove python3-software-properties:all 0.96.20.7 <none>
2018-07-05 17:02:21 status half-configured python3-software-properties:all 0.96.20.7
2018-07-05 17:02:21 status half-installed python3-software-properties:all 0.96.20.7
2018-07-05 17:02:21 status config-files python3-software-properties:all 0.96.20.7
2018-07-05 17:02:21 status config-files python3-software-properties:all 0.96.20.7
2018-07-05 17:02:21 status config-files python3-software-properties:all 0.96.20.7
2018-07-05 17:02:21 status not-installed python3-software-properties:all <none>
2018-07-05 17:02:21 status installed iso-codes:all 3.65-1
2018-07-05 17:02:21 remove iso-codes:all 3.65-1 <none>
2018-07-05 17:02:21 status half-configured iso-codes:all 3.65-1
2018-07-05 17:02:21 status half-installed iso-codes:all 3.65-1
2018-07-05 17:02:21 status config-files iso-codes:all 3.65-1
2018-07-05 17:02:21 status config-files iso-codes:all 3.65-1
2018-07-05 17:02:21 status config-files iso-codes:all 3.65-1
2018-07-05 17:02:21 status not-installed iso-codes:all <none>
2018-07-05 17:02:21 status installed keyboard-configuration:all 1.108ubuntu15.4
2018-07-05 17:02:21 status installed less:amd64 481-2.1ubuntu0.2
2018-07-05 17:02:21 remove less:amd64 481-2.1ubuntu0.2 <none>
2018-07-05 17:02:21 status half-configured less:amd64 481-2.1ubuntu0.2
2018-07-05 17:02:21 status half-installed less:amd64 481-2.1ubuntu0.2
2018-07-05 17:02:21 status triggers-pending mime-support:all 3.59ubuntu1
2018-07-05 17:02:21 status config-files less:amd64 481-2.1ubuntu0.2
2018-07-05 17:02:21 purge less:amd64 481-2.1ubuntu0.2 <none>
2018-07-05 17:02:21 status config-files less:amd64 481-2.1ubuntu0.2
2018-07-05 17:02:21 status config-files less:amd64 481-2.1ubuntu0.2
2018-07-05 17:02:21 status config-files less:amd64 481-2.1ubuntu0.2
2018-07-05 17:02:21 status config-files less:amd64 481-2.1ubuntu0.2
2018-07-05 17:02:21 status config-files less:amd64 481-2.1ubuntu0.2
2018-07-05 17:02:22 status not-installed less:amd64 <none>
2018-07-05 17:02:22 status installed plymouth-theme-ubuntu-text:amd64 0.9.2-3ubuntu13.5
2018-07-05 17:02:22 remove plymouth-theme-ubuntu-text:amd64 0.9.2-3ubuntu13.5 <none>
2018-07-05 17:02:22 status half-configured plymouth-theme-ubuntu-text:amd64 0.9.2-3ubuntu13.5
2018-07-05 17:02:22 status half-installed plymouth-theme-ubuntu-text:amd64 0.9.2-3ubuntu13.5
2018-07-05 17:02:22 status config-files plymouth-theme-ubuntu-text:amd64 0.9.2-3ubuntu13.5
2018-07-05 17:02:22 purge plymouth-theme-ubuntu-text:amd64 0.9.2-3ubuntu13.5 <none>
2018-07-05 17:02:22 status config-files plymouth-theme-ubuntu-text:amd64 0.9.2-3ubuntu13.5
2018-07-05 17:02:22 status config-files plymouth-theme-ubuntu-text:amd64 0.9.2-3ubuntu13.5
2018-07-05 17:02:22 status config-files plymouth-theme-ubuntu-text:amd64 0.9.2-3ubuntu13.5
2018-07-05 17:02:22 status config-files plymouth-theme-ubuntu-text:amd64 0.9.2-3ubuntu13.5
2018-07-05 17:02:22 status config-files plymouth-theme-ubuntu-text:amd64 0.9.2-3ubuntu13.5
2018-07-05 17:02:22 status not-installed plymouth-theme-ubuntu-text:amd64 <none>
2018-07-05 17:02:22 status installed plymouth:amd64 0.9.2-3ubuntu13.5
2018-07-05 17:02:22 remove plymouth:amd64 0.9.2-3ubuntu13.5 <none>
2018-07-05 17:02:22 status half-configured plymouth:amd64 0.9.2-3ubuntu13.5
2018-07-05 17:02:22 status half-installed plymouth:amd64 0.9.2-3ubuntu13.5
2018-07-05 17:02:22 status config-files plymouth:amd64 0.9.2-3ubuntu13.5
2018-07-05 17:02:22 purge plymouth:amd64 0.9.2-3ubuntu13.5 <none>
2018-07-05 17:02:22 status config-files plymouth:amd64 0.9.2-3ubuntu13.5
2018-07-05 17:02:22 status config-files plymouth:amd64 0.9.2-3ubuntu13.5
2018-07-05 17:02:22 status config-files plymouth:amd64 0.9.2-3ubuntu13.5
2018-07-05 17:02:22 status config-files plymouth:amd64 0.9.2-3ubuntu13.5
2018-07-05 17:02:22 status config-files plymouth:amd64 0.9.2-3ubuntu13.5
2018-07-05 17:02:22 status not-installed plymouth:amd64 <none>
2018-07-05 17:02:22 status installed open-vm-tools:amd64 2:10.2.0-3~ubuntu0.16.04.1
2018-07-05 17:02:22 remove open-vm-tools:amd64 2:10.2.0-3~ubuntu0.16.04.1 <none>
2018-07-05 17:02:22 status triggers-pending libc-bin:amd64 2.23-0ubuntu10
2018-07-05 17:02:22 status half-configured open-vm-tools:amd64 2:10.2.0-3~ubuntu0.16.04.1
2018-07-05 17:02:22 status half-installed open-vm-tools:amd64 2:10.2.0-3~ubuntu0.16.04.1
2018-07-05 17:02:22 status config-files open-vm-tools:amd64 2:10.2.0-3~ubuntu0.16.04.1
2018-07-05 17:02:22 purge open-vm-tools:amd64 2:10.2.0-3~ubuntu0.16.04.1 <none>
2018-07-05 17:02:22 status config-files open-vm-tools:amd64 2:10.2.0-3~ubuntu0.16.04.1
2018-07-05 17:02:22 status config-files open-vm-tools:amd64 2:10.2.0-3~ubuntu0.16.04.1
2018-07-05 17:02:22 status config-files open-vm-tools:amd64 2:10.2.0-3~ubuntu0.16.04.1
2018-07-05 17:02:23 status config-files open-vm-tools:amd64 2:10.2.0-3~ubuntu0.16.04.1
2018-07-05 17:02:23 status config-files open-vm-tools:amd64 2:10.2.0-3~ubuntu0.16.04.1
2018-07-05 17:02:23 status not-installed open-vm-tools:amd64 <none>
2018-07-05 17:02:23 status installed libdrm2:amd64 2.4.91-2~16.04.1
2018-07-05 17:02:23 remove libdrm2:amd64 2.4.91-2~16.04.1 <none>
2018-07-05 17:02:23 status half-configured libdrm2:amd64 2.4.91-2~16.04.1
2018-07-05 17:02:23 status half-installed libdrm2:amd64 2.4.91-2~16.04.1
2018-07-05 17:02:23 status config-files libdrm2:amd64 2.4.91-2~16.04.1
2018-07-05 17:02:23 status config-files libdrm2:amd64 2.4.91-2~16.04.1
2018-07-05 17:02:23 status config-files libdrm2:amd64 2.4.91-2~16.04.1
2018-07-05 17:02:23 status not-installed libdrm2:amd64 <none>
2018-07-05 17:02:23 status installed libdrm-common:all 2.4.91-2~16.04.1
2018-07-05 17:02:23 remove libdrm-common:all 2.4.91-2~16.04.1 <none>
2018-07-05 17:02:23 status half-configured libdrm-common:all 2.4.91-2~16.04.1
2018-07-05 17:02:23 status half-installed libdrm-common:all 2.4.91-2~16.04.1
2018-07-05 17:02:23 status config-files libdrm-common:all 2.4.91-2~16.04.1
2018-07-05 17:02:23 status config-files libdrm-common:all 2.4.91-2~16.04.1
2018-07-05 17:02:23 status config-files libdrm-common:all 2.4.91-2~16.04.1
2018-07-05 17:02:23 status not-installed libdrm-common:all <none>
2018-07-05 17:02:23 status installed libdumbnet1:amd64 1.12-7
2018-07-05 17:02:23 remove libdumbnet1:amd64 1.12-7 <none>
2018-07-05 17:02:23 status half-configured libdumbnet1:amd64 1.12-7
2018-07-05 17:02:23 status half-installed libdumbnet1:amd64 1.12-7
2018-07-05 17:02:23 status config-files libdumbnet1:amd64 1.12-7
2018-07-05 17:02:23 status config-files libdumbnet1:amd64 1.12-7
2018-07-05 17:02:23 status config-files libdumbnet1:amd64 1.12-7
2018-07-05 17:02:23 status not-installed libdumbnet1:amd64 <none>
2018-07-05 17:02:23 status installed liberror-perl:all 0.17-1.2
2018-07-05 17:02:23 remove liberror-perl:all 0.17-1.2 <none>
2018-07-05 17:02:23 status half-configured liberror-perl:all 0.17-1.2
2018-07-05 17:02:23 status half-installed liberror-perl:all 0.17-1.2
2018-07-05 17:02:23 status config-files liberror-perl:all 0.17-1.2
2018-07-05 17:02:23 status config-files liberror-perl:all 0.17-1.2
2018-07-05 17:02:23 status config-files liberror-perl:all 0.17-1.2
2018-07-05 17:02:23 status not-installed liberror-perl:all <none>
2018-07-05 17:02:23 status installed tmux:amd64 2.1-3build1
2018-07-05 17:02:23 remove tmux:amd64 2.1-3build1 <none>
2018-07-05 17:02:23 status half-configured tmux:amd64 2.1-3build1
2018-07-05 17:02:23 status half-installed tmux:amd64 2.1-3build1
2018-07-05 17:02:23 status config-files tmux:amd64 2.1-3build1
2018-07-05 17:02:23 purge tmux:amd64 2.1-3build1 <none>
2018-07-05 17:02:23 status config-files tmux:amd64 2.1-3build1
2018-07-05 17:02:23 status config-files tmux:amd64 2.1-3build1
2018-07-05 17:02:23 status config-files tmux:amd64 2.1-3build1
2018-07-05 17:02:23 status config-files tmux:amd64 2.1-3build1
2018-07-05 17:02:23 status config-files tmux:amd64 2.1-3build1
2018-07-05 17:02:23 status not-installed tmux:amd64 <none>
2018-07-05 17:02:23 status installed libevent-2.0-5:amd64 2.0.21-stable-2ubuntu0.16.04.1
2018-07-05 17:02:23 remove libevent-2.0-5:amd64 2.0.21-stable-2ubuntu0.16.04.1 <none>
2018-07-05 17:02:23 status half-configured libevent-2.0-5:amd64 2.0.21-stable-2ubuntu0.16.04.1
2018-07-05 17:02:23 status half-installed libevent-2.0-5:amd64 2.0.21-stable-2ubuntu0.16.04.1
2018-07-05 17:02:23 status config-files libevent-2.0-5:amd64 2.0.21-stable-2ubuntu0.16.04.1
2018-07-05 17:02:23 status config-files libevent-2.0-5:amd64 2.0.21-stable-2ubuntu0.16.04.1
2018-07-05 17:02:23 status config-files libevent-2.0-5:amd64 2.0.21-stable-2ubuntu0.16.04.1
2018-07-05 17:02:23 status not-installed libevent-2.0-5:amd64 <none>
2018-07-05 17:02:23 status installed libfribidi0:amd64 0.19.7-1
2018-07-05 17:02:23 remove libfribidi0:amd64 0.19.7-1 <none>
2018-07-05 17:02:23 status half-configured libfribidi0:amd64 0.19.7-1
2018-07-05 17:02:23 status half-installed libfribidi0:amd64 0.19.7-1
2018-07-05 17:02:23 status config-files libfribidi0:amd64 0.19.7-1
2018-07-05 17:02:23 purge libfribidi0:amd64 0.19.7-1 <none>
2018-07-05 17:02:23 status config-files libfribidi0:amd64 0.19.7-1
2018-07-05 17:02:23 status config-files libfribidi0:amd64 0.19.7-1
2018-07-05 17:02:23 status config-files libfribidi0:amd64 0.19.7-1
2018-07-05 17:02:23 status config-files libfribidi0:amd64 0.19.7-1
2018-07-05 17:02:23 status config-files libfribidi0:amd64 0.19.7-1
2018-07-05 17:02:23 status not-installed libfribidi0:amd64 <none>
2018-07-05 17:02:23 status installed shared-mime-info:amd64 1.5-2ubuntu0.1
2018-07-05 17:02:23 remove shared-mime-info:amd64 1.5-2ubuntu0.1 <none>
2018-07-05 17:02:23 status half-configured shared-mime-info:amd64 1.5-2ubuntu0.1
2018-07-05 17:02:23 status half-installed shared-mime-info:amd64 1.5-2ubuntu0.1
2018-07-05 17:02:23 status config-files shared-mime-info:amd64 1.5-2ubuntu0.1
2018-07-05 17:02:23 purge shared-mime-info:amd64 1.5-2ubuntu0.1 <none>
2018-07-05 17:02:23 status config-files shared-mime-info:amd64 1.5-2ubuntu0.1
2018-07-05 17:02:23 status config-files shared-mime-info:amd64 1.5-2ubuntu0.1
2018-07-05 17:02:23 status config-files shared-mime-info:amd64 1.5-2ubuntu0.1
2018-07-05 17:02:23 status config-files shared-mime-info:amd64 1.5-2ubuntu0.1
2018-07-05 17:02:23 status config-files shared-mime-info:amd64 1.5-2ubuntu0.1
2018-07-05 17:02:23 status not-installed shared-mime-info:amd64 <none>
2018-07-05 17:02:23 status installed libxmlsec1-openssl:amd64 1.2.20-2ubuntu4
2018-07-05 17:02:23 remove libxmlsec1-openssl:amd64 1.2.20-2ubuntu4 <none>
2018-07-05 17:02:23 status half-configured libxmlsec1-openssl:amd64 1.2.20-2ubuntu4
2018-07-05 17:02:23 status half-installed libxmlsec1-openssl:amd64 1.2.20-2ubuntu4
2018-07-05 17:02:23 status config-files libxmlsec1-openssl:amd64 1.2.20-2ubuntu4
2018-07-05 17:02:23 status config-files libxmlsec1-openssl:amd64 1.2.20-2ubuntu4
2018-07-05 17:02:23 status config-files libxmlsec1-openssl:amd64 1.2.20-2ubuntu4
2018-07-05 17:02:23 status not-installed libxmlsec1-openssl:amd64 <none>
2018-07-05 17:02:23 status installed libxmlsec1:amd64 1.2.20-2ubuntu4
2018-07-05 17:02:23 remove libxmlsec1:amd64 1.2.20-2ubuntu4 <none>
2018-07-05 17:02:23 status half-configured libxmlsec1:amd64 1.2.20-2ubuntu4
2018-07-05 17:02:23 status half-installed libxmlsec1:amd64 1.2.20-2ubuntu4
2018-07-05 17:02:23 status config-files libxmlsec1:amd64 1.2.20-2ubuntu4
2018-07-05 17:02:23 status config-files libxmlsec1:amd64 1.2.20-2ubuntu4
2018-07-05 17:02:23 status config-files libxmlsec1:amd64 1.2.20-2ubuntu4
2018-07-05 17:02:23 status not-installed libxmlsec1:amd64 <none>
2018-07-05 17:02:23 status installed libxslt1.1:amd64 1.1.28-2.1ubuntu0.1
2018-07-05 17:02:23 remove libxslt1.1:amd64 1.1.28-2.1ubuntu0.1 <none>
2018-07-05 17:02:23 status half-configured libxslt1.1:amd64 1.1.28-2.1ubuntu0.1
2018-07-05 17:02:23 status half-installed libxslt1.1:amd64 1.1.28-2.1ubuntu0.1
2018-07-05 17:02:23 status config-files libxslt1.1:amd64 1.1.28-2.1ubuntu0.1
2018-07-05 17:02:23 status config-files libxslt1.1:amd64 1.1.28-2.1ubuntu0.1
2018-07-05 17:02:23 status config-files libxslt1.1:amd64 1.1.28-2.1ubuntu0.1
2018-07-05 17:02:23 status not-installed libxslt1.1:amd64 <none>
2018-07-05 17:02:23 status installed libxml2:amd64 2.9.3+dfsg1-1ubuntu0.5
2018-07-05 17:02:23 remove libxml2:amd64 2.9.3+dfsg1-1ubuntu0.5 <none>
2018-07-05 17:02:23 status half-configured libxml2:amd64 2.9.3+dfsg1-1ubuntu0.5
2018-07-05 17:02:23 status half-installed libxml2:amd64 2.9.3+dfsg1-1ubuntu0.5
2018-07-05 17:02:23 status config-files libxml2:amd64 2.9.3+dfsg1-1ubuntu0.5
2018-07-05 17:02:23 status config-files libxml2:amd64 2.9.3+dfsg1-1ubuntu0.5
2018-07-05 17:02:23 status config-files libxml2:amd64 2.9.3+dfsg1-1ubuntu0.5
2018-07-05 17:02:23 status not-installed libxml2:amd64 <none>
2018-07-05 17:02:23 status installed libicu55:amd64 55.1-7ubuntu0.4
2018-07-05 17:02:23 remove libicu55:amd64 55.1-7ubuntu0.4 <none>
2018-07-05 17:02:23 status half-configured libicu55:amd64 55.1-7ubuntu0.4
2018-07-05 17:02:23 status half-installed libicu55:amd64 55.1-7ubuntu0.4
2018-07-05 17:02:23 status config-files libicu55:amd64 55.1-7ubuntu0.4
2018-07-05 17:02:23 status config-files libicu55:amd64 55.1-7ubuntu0.4
2018-07-05 17:02:23 status config-files libicu55:amd64 55.1-7ubuntu0.4
2018-07-05 17:02:23 status not-installed libicu55:amd64 <none>
2018-07-05 17:02:23 status installed libmagic1:amd64 1:5.25-2ubuntu1.1
2018-07-05 17:02:23 remove libmagic1:amd64 1:5.25-2ubuntu1.1 <none>
2018-07-05 17:02:23 status half-configured libmagic1:amd64 1:5.25-2ubuntu1.1
2018-07-05 17:02:23 status half-installed libmagic1:amd64 1:5.25-2ubuntu1.1
2018-07-05 17:02:23 status config-files libmagic1:amd64 1:5.25-2ubuntu1.1
2018-07-05 17:02:23 purge libmagic1:amd64 1:5.25-2ubuntu1.1 <none>
2018-07-05 17:02:23 status config-files libmagic1:amd64 1:5.25-2ubuntu1.1
2018-07-05 17:02:23 status config-files libmagic1:amd64 1:5.25-2ubuntu1.1
2018-07-05 17:02:23 status config-files libmagic1:amd64 1:5.25-2ubuntu1.1
2018-07-05 17:02:23 status config-files libmagic1:amd64 1:5.25-2ubuntu1.1
2018-07-05 17:02:23 status config-files libmagic1:amd64 1:5.25-2ubuntu1.1
2018-07-05 17:02:23 status not-installed libmagic1:amd64 <none>
2018-07-05 17:02:23 status installed libmspack0:amd64 0.5-1ubuntu0.16.04.1
2018-07-05 17:02:23 remove libmspack0:amd64 0.5-1ubuntu0.16.04.1 <none>
2018-07-05 17:02:23 status half-configured libmspack0:amd64 0.5-1ubuntu0.16.04.1
2018-07-05 17:02:23 status half-installed libmspack0:amd64 0.5-1ubuntu0.16.04.1
2018-07-05 17:02:23 status config-files libmspack0:amd64 0.5-1ubuntu0.16.04.1
2018-07-05 17:02:23 status config-files libmspack0:amd64 0.5-1ubuntu0.16.04.1
2018-07-05 17:02:23 status config-files libmspack0:amd64 0.5-1ubuntu0.16.04.1
2018-07-05 17:02:23 status not-installed libmspack0:amd64 <none>
2018-07-05 17:02:23 status installed python3-newt:amd64 0.52.18-1ubuntu2
2018-07-05 17:02:23 remove python3-newt:amd64 0.52.18-1ubuntu2 <none>
2018-07-05 17:02:23 status half-configured python3-newt:amd64 0.52.18-1ubuntu2
2018-07-05 17:02:23 status half-installed python3-newt:amd64 0.52.18-1ubuntu2
2018-07-05 17:02:23 status config-files python3-newt:amd64 0.52.18-1ubuntu2
2018-07-05 17:02:23 status config-files python3-newt:amd64 0.52.18-1ubuntu2
2018-07-05 17:02:23 status config-files python3-newt:amd64 0.52.18-1ubuntu2
2018-07-05 17:02:23 status not-installed python3-newt:amd64 <none>
2018-07-05 17:02:23 status installed libnewt0.52:amd64 0.52.18-1ubuntu2
2018-07-05 17:02:23 remove libnewt0.52:amd64 0.52.18-1ubuntu2 <none>
2018-07-05 17:02:23 status half-configured libnewt0.52:amd64 0.52.18-1ubuntu2
2018-07-05 17:02:23 status half-installed libnewt0.52:amd64 0.52.18-1ubuntu2
2018-07-05 17:02:23 status config-files libnewt0.52:amd64 0.52.18-1ubuntu2
2018-07-05 17:02:23 purge libnewt0.52:amd64 0.52.18-1ubuntu2 <none>
2018-07-05 17:02:23 status config-files libnewt0.52:amd64 0.52.18-1ubuntu2
2018-07-05 17:02:23 status config-files libnewt0.52:amd64 0.52.18-1ubuntu2
2018-07-05 17:02:23 status config-files libnewt0.52:amd64 0.52.18-1ubuntu2
2018-07-05 17:02:23 status config-files libnewt0.52:amd64 0.52.18-1ubuntu2
2018-07-05 17:02:23 status config-files libnewt0.52:amd64 0.52.18-1ubuntu2
2018-07-05 17:02:23 status not-installed libnewt0.52:amd64 <none>
2018-07-05 17:02:23 status installed pciutils:amd64 1:3.3.1-1.1ubuntu1.2
2018-07-05 17:02:23 remove pciutils:amd64 1:3.3.1-1.1ubuntu1.2 <none>
2018-07-05 17:02:23 status half-configured pciutils:amd64 1:3.3.1-1.1ubuntu1.2
2018-07-05 17:02:23 status half-installed pciutils:amd64 1:3.3.1-1.1ubuntu1.2
2018-07-05 17:02:23 status config-files pciutils:amd64 1:3.3.1-1.1ubuntu1.2
2018-07-05 17:02:23 purge pciutils:amd64 1:3.3.1-1.1ubuntu1.2 <none>
2018-07-05 17:02:23 status config-files pciutils:amd64 1:3.3.1-1.1ubuntu1.2
2018-07-05 17:02:23 status config-files pciutils:amd64 1:3.3.1-1.1ubuntu1.2
2018-07-05 17:02:23 status config-files pciutils:amd64 1:3.3.1-1.1ubuntu1.2
2018-07-05 17:02:23 status config-files pciutils:amd64 1:3.3.1-1.1ubuntu1.2
2018-07-05 17:02:23 status config-files pciutils:amd64 1:3.3.1-1.1ubuntu1.2
2018-07-05 17:02:23 status not-installed pciutils:amd64 <none>
2018-07-05 17:02:23 status installed libpci3:amd64 1:3.3.1-1.1ubuntu1.2
2018-07-05 17:02:23 remove libpci3:amd64 1:3.3.1-1.1ubuntu1.2 <none>
2018-07-05 17:02:23 status half-configured libpci3:amd64 1:3.3.1-1.1ubuntu1.2
2018-07-05 17:02:23 status half-installed libpci3:amd64 1:3.3.1-1.1ubuntu1.2
2018-07-05 17:02:23 status config-files libpci3:amd64 1:3.3.1-1.1ubuntu1.2
2018-07-05 17:02:23 status config-files libpci3:amd64 1:3.3.1-1.1ubuntu1.2
2018-07-05 17:02:23 status config-files libpci3:amd64 1:3.3.1-1.1ubuntu1.2
2018-07-05 17:02:23 status not-installed libpci3:amd64 <none>
2018-07-05 17:02:23 status installed libplymouth4:amd64 0.9.2-3ubuntu13.5
2018-07-05 17:02:23 remove libplymouth4:amd64 0.9.2-3ubuntu13.5 <none>
2018-07-05 17:02:23 status half-configured libplymouth4:amd64 0.9.2-3ubuntu13.5
2018-07-05 17:02:23 status half-installed libplymouth4:amd64 0.9.2-3ubuntu13.5
2018-07-05 17:02:23 status config-files libplymouth4:amd64 0.9.2-3ubuntu13.5
2018-07-05 17:02:23 status config-files libplymouth4:amd64 0.9.2-3ubuntu13.5
2018-07-05 17:02:23 status config-files libplymouth4:amd64 0.9.2-3ubuntu13.5
2018-07-05 17:02:23 status not-installed libplymouth4:amd64 <none>
2018-07-05 17:02:23 status installed policykit-1:amd64 0.105-14.1
2018-07-05 17:02:24 remove policykit-1:amd64 0.105-14.1 <none>
2018-07-05 17:02:24 status half-configured policykit-1:amd64 0.105-14.1
2018-07-05 17:02:24 status half-installed policykit-1:amd64 0.105-14.1
2018-07-05 17:02:24 status config-files policykit-1:amd64 0.105-14.1
2018-07-05 17:02:24 purge policykit-1:amd64 0.105-14.1 <none>
2018-07-05 17:02:24 status config-files policykit-1:amd64 0.105-14.1
2018-07-05 17:02:24 status config-files policykit-1:amd64 0.105-14.1
2018-07-05 17:02:24 status config-files policykit-1:amd64 0.105-14.1
2018-07-05 17:02:24 status config-files policykit-1:amd64 0.105-14.1
2018-07-05 17:02:24 status config-files policykit-1:amd64 0.105-14.1
2018-07-05 17:02:24 status not-installed policykit-1:amd64 <none>
2018-07-05 17:02:24 status installed libpolkit-agent-1-0:amd64 0.105-14.1
2018-07-05 17:02:24 remove libpolkit-agent-1-0:amd64 0.105-14.1 <none>
2018-07-05 17:02:24 status half-configured libpolkit-agent-1-0:amd64 0.105-14.1
2018-07-05 17:02:24 status half-installed libpolkit-agent-1-0:amd64 0.105-14.1
2018-07-05 17:02:24 status config-files libpolkit-agent-1-0:amd64 0.105-14.1
2018-07-05 17:02:24 status config-files libpolkit-agent-1-0:amd64 0.105-14.1
2018-07-05 17:02:24 status config-files libpolkit-agent-1-0:amd64 0.105-14.1
2018-07-05 17:02:24 status not-installed libpolkit-agent-1-0:amd64 <none>
2018-07-05 17:02:24 status installed libpolkit-backend-1-0:amd64 0.105-14.1
2018-07-05 17:02:24 remove libpolkit-backend-1-0:amd64 0.105-14.1 <none>
2018-07-05 17:02:24 status half-configured libpolkit-backend-1-0:amd64 0.105-14.1
2018-07-05 17:02:24 status half-installed libpolkit-backend-1-0:amd64 0.105-14.1
2018-07-05 17:02:24 status config-files libpolkit-backend-1-0:amd64 0.105-14.1
2018-07-05 17:02:24 status config-files libpolkit-backend-1-0:amd64 0.105-14.1
2018-07-05 17:02:24 status config-files libpolkit-backend-1-0:amd64 0.105-14.1
2018-07-05 17:02:24 status not-installed libpolkit-backend-1-0:amd64 <none>
2018-07-05 17:02:24 status installed libpolkit-gobject-1-0:amd64 0.105-14.1
2018-07-05 17:02:24 remove libpolkit-gobject-1-0:amd64 0.105-14.1 <none>
2018-07-05 17:02:24 status half-configured libpolkit-gobject-1-0:amd64 0.105-14.1
2018-07-05 17:02:24 status half-installed libpolkit-gobject-1-0:amd64 0.105-14.1
2018-07-05 17:02:24 status config-files libpolkit-gobject-1-0:amd64 0.105-14.1
2018-07-05 17:02:24 status config-files libpolkit-gobject-1-0:amd64 0.105-14.1
2018-07-05 17:02:24 status config-files libpolkit-gobject-1-0:amd64 0.105-14.1
2018-07-05 17:02:24 status not-installed libpolkit-gobject-1-0:amd64 <none>
2018-07-05 17:02:24 status installed vim:amd64 2:7.4.1689-3ubuntu1.2
2018-07-05 17:02:24 remove vim:amd64 2:7.4.1689-3ubuntu1.2 <none>
2018-07-05 17:02:24 status half-configured vim:amd64 2:7.4.1689-3ubuntu1.2
2018-07-05 17:02:24 status half-installed vim:amd64 2:7.4.1689-3ubuntu1.2
2018-07-05 17:02:24 status config-files vim:amd64 2:7.4.1689-3ubuntu1.2
2018-07-05 17:02:24 status config-files vim:amd64 2:7.4.1689-3ubuntu1.2
2018-07-05 17:02:24 status config-files vim:amd64 2:7.4.1689-3ubuntu1.2
2018-07-05 17:02:24 status not-installed vim:amd64 <none>
2018-07-05 17:02:24 status installed libpython3.5:amd64 3.5.2-2ubuntu0~16.04.4
2018-07-05 17:02:24 remove libpython3.5:amd64 3.5.2-2ubuntu0~16.04.4 <none>
2018-07-05 17:02:24 status half-configured libpython3.5:amd64 3.5.2-2ubuntu0~16.04.4
2018-07-05 17:02:24 status half-installed libpython3.5:amd64 3.5.2-2ubuntu0~16.04.4
2018-07-05 17:02:24 status config-files libpython3.5:amd64 3.5.2-2ubuntu0~16.04.4
2018-07-05 17:02:24 status config-files libpython3.5:amd64 3.5.2-2ubuntu0~16.04.4
2018-07-05 17:02:24 status config-files libpython3.5:amd64 3.5.2-2ubuntu0~16.04.4
2018-07-05 17:02:24 status not-installed libpython3.5:amd64 <none>
2018-07-05 17:02:24 status installed libslang2:amd64 2.3.0-2ubuntu1
2018-07-05 17:02:24 remove libslang2:amd64 2.3.0-2ubuntu1 <none>
2018-07-05 17:02:24 status half-configured libslang2:amd64 2.3.0-2ubuntu1
2018-07-05 17:02:24 status half-installed libslang2:amd64 2.3.0-2ubuntu1
2018-07-05 17:02:24 status config-files libslang2:amd64 2.3.0-2ubuntu1
2018-07-05 17:02:24 purge libslang2:amd64 2.3.0-2ubuntu1 <none>
2018-07-05 17:02:24 status config-files libslang2:amd64 2.3.0-2ubuntu1
2018-07-05 17:02:24 status config-files libslang2:amd64 2.3.0-2ubuntu1
2018-07-05 17:02:24 status config-files libslang2:amd64 2.3.0-2ubuntu1
2018-07-05 17:02:24 status config-files libslang2:amd64 2.3.0-2ubuntu1
2018-07-05 17:02:24 status config-files libslang2:amd64 2.3.0-2ubuntu1
2018-07-05 17:02:24 status not-installed libslang2:amd64 <none>
2018-07-05 17:02:24 status installed libutempter0:amd64 1.1.6-3
2018-07-05 17:02:24 remove libutempter0:amd64 1.1.6-3 <none>
2018-07-05 17:02:24 status half-configured libutempter0:amd64 1.1.6-3
2018-07-05 17:02:24 status half-installed libutempter0:amd64 1.1.6-3
2018-07-05 17:02:24 status config-files libutempter0:amd64 1.1.6-3
2018-07-05 17:02:24 status config-files libutempter0:amd64 1.1.6-3
2018-07-05 17:02:24 status config-files libutempter0:amd64 1.1.6-3
2018-07-05 17:02:24 status not-installed libutempter0:amd64 <none>
2018-07-05 17:02:24 status installed xauth:amd64 1:1.0.9-1ubuntu2
2018-07-05 17:02:24 remove xauth:amd64 1:1.0.9-1ubuntu2 <none>
2018-07-05 17:02:24 status half-configured xauth:amd64 1:1.0.9-1ubuntu2
2018-07-05 17:02:24 status half-installed xauth:amd64 1:1.0.9-1ubuntu2
2018-07-05 17:02:24 status config-files xauth:amd64 1:1.0.9-1ubuntu2
2018-07-05 17:02:24 status config-files xauth:amd64 1:1.0.9-1ubuntu2
2018-07-05 17:02:24 status config-files xauth:amd64 1:1.0.9-1ubuntu2
2018-07-05 17:02:24 status not-installed xauth:amd64 <none>
2018-07-05 17:02:24 status installed libxmuu1:amd64 2:1.1.2-2
2018-07-05 17:02:24 remove libxmuu1:amd64 2:1.1.2-2 <none>
2018-07-05 17:02:24 status half-configured libxmuu1:amd64 2:1.1.2-2
2018-07-05 17:02:24 status half-installed libxmuu1:amd64 2:1.1.2-2
2018-07-05 17:02:24 status config-files libxmuu1:amd64 2:1.1.2-2
2018-07-05 17:02:24 status config-files libxmuu1:amd64 2:1.1.2-2
2018-07-05 17:02:24 status config-files libxmuu1:amd64 2:1.1.2-2
2018-07-05 17:02:24 status not-installed libxmuu1:amd64 <none>
2018-07-05 17:02:24 status installed libx11-6:amd64 2:1.6.3-1ubuntu2
2018-07-05 17:02:24 status installed libx11-data:all 2:1.6.3-1ubuntu2
2018-07-05 17:02:24 status installed libxcb1:amd64 1.11.1-1ubuntu1
2018-07-05 17:02:24 status installed libxau6:amd64 1:1.0.8-1
2018-07-05 17:02:24 status installed libxdmcp6:amd64 1:1.1.2-1.1
2018-07-05 17:02:24 status installed libxext6:amd64 2:1.3.3-1
2018-07-05 17:02:24 remove libxext6:amd64 2:1.3.3-1 <none>
2018-07-05 17:02:24 status half-configured libxext6:amd64 2:1.3.3-1
2018-07-05 17:02:24 status half-installed libxext6:amd64 2:1.3.3-1
2018-07-05 17:02:24 status config-files libxext6:amd64 2:1.3.3-1
2018-07-05 17:02:24 purge libxext6:amd64 2:1.3.3-1 <none>
2018-07-05 17:02:24 status config-files libxext6:amd64 2:1.3.3-1
2018-07-05 17:02:24 status config-files libxext6:amd64 2:1.3.3-1
2018-07-05 17:02:24 status config-files libxext6:amd64 2:1.3.3-1
2018-07-05 17:02:24 status config-files libxext6:amd64 2:1.3.3-1
2018-07-05 17:02:24 status config-files libxext6:amd64 2:1.3.3-1
2018-07-05 17:02:24 status not-installed libxext6:amd64 <none>
2018-07-05 17:02:24 status installed ncurses-term:all 6.0+20160213-1ubuntu1
2018-07-05 17:02:24 remove ncurses-term:all 6.0+20160213-1ubuntu1 <none>
2018-07-05 17:02:24 status half-configured ncurses-term:all 6.0+20160213-1ubuntu1
2018-07-05 17:02:24 status half-installed ncurses-term:all 6.0+20160213-1ubuntu1
2018-07-05 17:02:24 status config-files ncurses-term:all 6.0+20160213-1ubuntu1
2018-07-05 17:02:24 status config-files ncurses-term:all 6.0+20160213-1ubuntu1
2018-07-05 17:02:24 status config-files ncurses-term:all 6.0+20160213-1ubuntu1
2018-07-05 17:02:24 status not-installed ncurses-term:all <none>
2018-07-05 17:02:24 status installed pastebinit:all 1.5-1
2018-07-05 17:02:24 remove pastebinit:all 1.5-1 <none>
2018-07-05 17:02:24 status half-configured pastebinit:all 1.5-1
2018-07-05 17:02:24 status half-installed pastebinit:all 1.5-1
2018-07-05 17:02:24 status config-files pastebinit:all 1.5-1
2018-07-05 17:02:24 status config-files pastebinit:all 1.5-1
2018-07-05 17:02:24 status config-files pastebinit:all 1.5-1
2018-07-05 17:02:24 status not-installed pastebinit:all <none>
2018-07-05 17:02:24 status installed pollinate:all 4.33-0ubuntu1~16.04.1
2018-07-05 17:02:24 remove pollinate:all 4.33-0ubuntu1~16.04.1 <none>
2018-07-05 17:02:24 status half-configured pollinate:all 4.33-0ubuntu1~16.04.1
2018-07-05 17:02:24 status half-installed pollinate:all 4.33-0ubuntu1~16.04.1
2018-07-05 17:02:24 status config-files pollinate:all 4.33-0ubuntu1~16.04.1
2018-07-05 17:02:24 purge pollinate:all 4.33-0ubuntu1~16.04.1 <none>
2018-07-05 17:02:24 status config-files pollinate:all 4.33-0ubuntu1~16.04.1
2018-07-05 17:02:24 status config-files pollinate:all 4.33-0ubuntu1~16.04.1
2018-07-05 17:02:24 status config-files pollinate:all 4.33-0ubuntu1~16.04.1
2018-07-05 17:02:25 status config-files pollinate:all 4.33-0ubuntu1~16.04.1
2018-07-05 17:02:25 status config-files pollinate:all 4.33-0ubuntu1~16.04.1
2018-07-05 17:02:25 status not-installed pollinate:all <none>
2018-07-05 17:02:25 status installed python3-prettytable:all 0.7.2-3
2018-07-05 17:02:25 remove python3-prettytable:all 0.7.2-3 <none>
2018-07-05 17:02:25 status half-configured python3-prettytable:all 0.7.2-3
2018-07-05 17:02:25 status half-installed python3-prettytable:all 0.7.2-3
2018-07-05 17:02:25 status config-files python3-prettytable:all 0.7.2-3
2018-07-05 17:02:25 status config-files python3-prettytable:all 0.7.2-3
2018-07-05 17:02:25 status config-files python3-prettytable:all 0.7.2-3
2018-07-05 17:02:25 status not-installed python3-prettytable:all <none>
2018-07-05 17:02:25 status installed python3-pycurl:amd64 7.43.0-1ubuntu1
2018-07-05 17:02:25 remove python3-pycurl:amd64 7.43.0-1ubuntu1 <none>
2018-07-05 17:02:25 status half-configured python3-pycurl:amd64 7.43.0-1ubuntu1
2018-07-05 17:02:25 status half-installed python3-pycurl:amd64 7.43.0-1ubuntu1
2018-07-05 17:02:25 status config-files python3-pycurl:amd64 7.43.0-1ubuntu1
2018-07-05 17:02:25 status config-files python3-pycurl:amd64 7.43.0-1ubuntu1
2018-07-05 17:02:25 status config-files python3-pycurl:amd64 7.43.0-1ubuntu1
2018-07-05 17:02:25 status not-installed python3-pycurl:amd64 <none>
2018-07-05 17:02:25 status installed run-one:all 1.17-0ubuntu1
2018-07-05 17:02:25 remove run-one:all 1.17-0ubuntu1 <none>
2018-07-05 17:02:25 status half-configured run-one:all 1.17-0ubuntu1
2018-07-05 17:02:25 status half-installed run-one:all 1.17-0ubuntu1
2018-07-05 17:02:25 status config-files run-one:all 1.17-0ubuntu1
2018-07-05 17:02:25 status config-files run-one:all 1.17-0ubuntu1
2018-07-05 17:02:25 status config-files run-one:all 1.17-0ubuntu1
2018-07-05 17:02:25 status not-installed run-one:all <none>
2018-07-05 17:02:25 status installed screen:amd64 4.3.1-2build1
2018-07-05 17:02:25 remove screen:amd64 4.3.1-2build1 <none>
2018-07-05 17:02:25 status half-configured screen:amd64 4.3.1-2build1
2018-07-05 17:02:25 status half-installed screen:amd64 4.3.1-2build1
2018-07-05 17:02:25 status config-files screen:amd64 4.3.1-2build1
2018-07-05 17:02:25 purge screen:amd64 4.3.1-2build1 <none>
2018-07-05 17:02:25 status config-files screen:amd64 4.3.1-2build1
2018-07-05 17:02:25 status config-files screen:amd64 4.3.1-2build1
2018-07-05 17:02:25 status config-files screen:amd64 4.3.1-2build1
2018-07-05 17:02:25 status config-files screen:amd64 4.3.1-2build1
2018-07-05 17:02:25 status config-files screen:amd64 4.3.1-2build1
2018-07-05 17:02:25 status not-installed screen:amd64 <none>
2018-07-05 17:02:25 status installed xml-core:all 0.13+nmu2
2018-07-05 17:02:25 remove xml-core:all 0.13+nmu2 <none>
2018-07-05 17:02:25 status half-configured xml-core:all 0.13+nmu2
2018-07-05 17:02:26 status half-installed xml-core:all 0.13+nmu2
2018-07-05 17:02:26 status config-files xml-core:all 0.13+nmu2
2018-07-05 17:02:26 purge xml-core:all 0.13+nmu2 <none>
2018-07-05 17:02:26 status config-files xml-core:all 0.13+nmu2
2018-07-05 17:02:26 status config-files xml-core:all 0.13+nmu2
2018-07-05 17:02:26 status config-files xml-core:all 0.13+nmu2
2018-07-05 17:02:26 status config-files xml-core:all 0.13+nmu2
2018-07-05 17:02:26 status triggers-pending sgml-base:all 1.26+nmu4ubuntu1
2018-07-05 17:02:26 status config-files xml-core:all 0.13+nmu2
2018-07-05 17:02:26 status config-files xml-core:all 0.13+nmu2
2018-07-05 17:02:26 status not-installed xml-core:all <none>
2018-07-05 17:02:26 status triggers-pending sgml-base:all 1.26+nmu4ubuntu1
2018-07-05 17:02:26 remove sgml-base:all 1.26+nmu4ubuntu1 <none>
2018-07-05 17:02:26 status half-configured sgml-base:all 1.26+nmu4ubuntu1
2018-07-05 17:02:26 status half-installed sgml-base:all 1.26+nmu4ubuntu1
2018-07-05 17:02:26 status config-files sgml-base:all 1.26+nmu4ubuntu1
2018-07-05 17:02:26 purge sgml-base:all 1.26+nmu4ubuntu1 <none>
2018-07-05 17:02:26 status config-files sgml-base:all 1.26+nmu4ubuntu1
2018-07-05 17:02:26 status config-files sgml-base:all 1.26+nmu4ubuntu1
2018-07-05 17:02:26 status config-files sgml-base:all 1.26+nmu4ubuntu1
2018-07-05 17:02:26 status config-files sgml-base:all 1.26+nmu4ubuntu1
2018-07-05 17:02:26 status config-files sgml-base:all 1.26+nmu4ubuntu1
2018-07-05 17:02:26 status not-installed sgml-base:all <none>
2018-07-05 17:02:26 status installed ubuntu-cloudimage-keyring:all 2013.11.11
2018-07-05 17:02:26 remove ubuntu-cloudimage-keyring:all 2013.11.11 <none>
2018-07-05 17:02:26 status half-configured ubuntu-cloudimage-keyring:all 2013.11.11
2018-07-05 17:02:26 status half-installed ubuntu-cloudimage-keyring:all 2013.11.11
2018-07-05 17:02:26 status config-files ubuntu-cloudimage-keyring:all 2013.11.11
2018-07-05 17:02:26 status config-files ubuntu-cloudimage-keyring:all 2013.11.11
2018-07-05 17:02:26 status config-files ubuntu-cloudimage-keyring:all 2013.11.11
2018-07-05 17:02:26 status not-installed ubuntu-cloudimage-keyring:all <none>
2018-07-05 17:02:26 status installed vim-common:amd64 2:7.4.1689-3ubuntu1.2
2018-07-05 17:02:26 remove vim-common:amd64 2:7.4.1689-3ubuntu1.2 <none>
2018-07-05 17:02:26 status half-configured vim-common:amd64 2:7.4.1689-3ubuntu1.2
2018-07-05 17:02:26 status half-installed vim-common:amd64 2:7.4.1689-3ubuntu1.2
2018-07-05 17:02:26 status triggers-pending mime-support:all 3.59ubuntu1
2018-07-05 17:02:26 status config-files vim-common:amd64 2:7.4.1689-3ubuntu1.2
2018-07-05 17:02:26 purge vim-common:amd64 2:7.4.1689-3ubuntu1.2 <none>
2018-07-05 17:02:26 status config-files vim-common:amd64 2:7.4.1689-3ubuntu1.2
2018-07-05 17:02:26 status config-files vim-common:amd64 2:7.4.1689-3ubuntu1.2
2018-07-05 17:02:26 status config-files vim-common:amd64 2:7.4.1689-3ubuntu1.2
2018-07-05 17:02:26 status config-files vim-common:amd64 2:7.4.1689-3ubuntu1.2
2018-07-05 17:02:26 status config-files vim-common:amd64 2:7.4.1689-3ubuntu1.2
2018-07-05 17:02:26 status not-installed vim-common:amd64 <none>
2018-07-05 17:02:26 status installed vim-runtime:all 2:7.4.1689-3ubuntu1.2
2018-07-05 17:02:26 remove vim-runtime:all 2:7.4.1689-3ubuntu1.2 <none>
2018-07-05 17:02:26 status half-configured vim-runtime:all 2:7.4.1689-3ubuntu1.2
2018-07-05 17:02:26 status half-installed vim-runtime:all 2:7.4.1689-3ubuntu1.2
2018-07-05 17:02:26 status config-files vim-runtime:all 2:7.4.1689-3ubuntu1.2
2018-07-05 17:02:26 purge vim-runtime:all 2:7.4.1689-3ubuntu1.2 <none>
2018-07-05 17:02:26 status config-files vim-runtime:all 2:7.4.1689-3ubuntu1.2
2018-07-05 17:02:26 status config-files vim-runtime:all 2:7.4.1689-3ubuntu1.2
2018-07-05 17:02:26 status config-files vim-runtime:all 2:7.4.1689-3ubuntu1.2
2018-07-05 17:02:26 status config-files vim-runtime:all 2:7.4.1689-3ubuntu1.2
2018-07-05 17:02:26 status config-files vim-runtime:all 2:7.4.1689-3ubuntu1.2
2018-07-05 17:02:26 status not-installed vim-runtime:all <none>
2018-07-05 17:02:26 status installed xdg-user-dirs:amd64 0.15-2ubuntu6.16.04.1
2018-07-05 17:02:26 remove xdg-user-dirs:amd64 0.15-2ubuntu6.16.04.1 <none>
2018-07-05 17:02:26 status half-configured xdg-user-dirs:amd64 0.15-2ubuntu6.16.04.1
2018-07-05 17:02:26 status half-installed xdg-user-dirs:amd64 0.15-2ubuntu6.16.04.1
2018-07-05 17:02:26 status config-files xdg-user-dirs:amd64 0.15-2ubuntu6.16.04.1
2018-07-05 17:02:26 purge xdg-user-dirs:amd64 0.15-2ubuntu6.16.04.1 <none>
2018-07-05 17:02:26 status config-files xdg-user-dirs:amd64 0.15-2ubuntu6.16.04.1
2018-07-05 17:02:26 status config-files xdg-user-dirs:amd64 0.15-2ubuntu6.16.04.1
2018-07-05 17:02:26 status config-files xdg-user-dirs:amd64 0.15-2ubuntu6.16.04.1
2018-07-05 17:02:26 status config-files xdg-user-dirs:amd64 0.15-2ubuntu6.16.04.1
2018-07-05 17:02:26 status config-files xdg-user-dirs:amd64 0.15-2ubuntu6.16.04.1
2018-07-05 17:02:26 status not-installed xdg-user-dirs:amd64 <none>
2018-07-05 17:02:26 status installed xkb-data:all 2.16-1ubuntu1
2018-07-05 17:02:26 status installed kbd:amd64 1.15.5-1ubuntu5
2018-07-05 17:02:26 status installed console-setup:all 1.108ubuntu15.4
2018-07-05 17:02:26 status installed console-setup-linux:all 1.108ubuntu15.4
2018-07-05 17:02:26 status installed keyboard-configuration:all 1.108ubuntu15.4
2018-07-05 17:02:26 status installed libx11-6:amd64 2:1.6.3-1ubuntu2
2018-07-05 17:02:26 remove libx11-6:amd64 2:1.6.3-1ubuntu2 <none>
2018-07-05 17:02:26 status half-configured libx11-6:amd64 2:1.6.3-1ubuntu2
2018-07-05 17:02:26 status half-installed libx11-6:amd64 2:1.6.3-1ubuntu2
2018-07-05 17:02:26 status config-files libx11-6:amd64 2:1.6.3-1ubuntu2
2018-07-05 17:02:26 purge libx11-6:amd64 2:1.6.3-1ubuntu2 <none>
2018-07-05 17:02:26 status config-files libx11-6:amd64 2:1.6.3-1ubuntu2
2018-07-05 17:02:26 status config-files libx11-6:amd64 2:1.6.3-1ubuntu2
2018-07-05 17:02:26 status config-files libx11-6:amd64 2:1.6.3-1ubuntu2
2018-07-05 17:02:26 status config-files libx11-6:amd64 2:1.6.3-1ubuntu2
2018-07-05 17:02:26 status config-files libx11-6:amd64 2:1.6.3-1ubuntu2
2018-07-05 17:02:26 status not-installed libx11-6:amd64 <none>
2018-07-05 17:02:26 status installed libx11-data:all 2:1.6.3-1ubuntu2
2018-07-05 17:02:26 remove libx11-data:all 2:1.6.3-1ubuntu2 <none>
2018-07-05 17:02:26 status half-configured libx11-data:all 2:1.6.3-1ubuntu2
2018-07-05 17:02:26 status half-installed libx11-data:all 2:1.6.3-1ubuntu2
2018-07-05 17:02:26 status config-files libx11-data:all 2:1.6.3-1ubuntu2
2018-07-05 17:02:26 status config-files libx11-data:all 2:1.6.3-1ubuntu2
2018-07-05 17:02:26 status config-files libx11-data:all 2:1.6.3-1ubuntu2
2018-07-05 17:02:26 status not-installed libx11-data:all <none>
2018-07-05 17:02:26 status installed libxcb1:amd64 1.11.1-1ubuntu1
2018-07-05 17:02:26 remove libxcb1:amd64 1.11.1-1ubuntu1 <none>
2018-07-05 17:02:26 status half-configured libxcb1:amd64 1.11.1-1ubuntu1
2018-07-05 17:02:26 status half-installed libxcb1:amd64 1.11.1-1ubuntu1
2018-07-05 17:02:26 status config-files libxcb1:amd64 1.11.1-1ubuntu1
2018-07-05 17:02:26 status config-files libxcb1:amd64 1.11.1-1ubuntu1
2018-07-05 17:02:26 status config-files libxcb1:amd64 1.11.1-1ubuntu1
2018-07-05 17:02:26 status not-installed libxcb1:amd64 <none>
2018-07-05 17:02:26 status installed libxau6:amd64 1:1.0.8-1
2018-07-05 17:02:26 remove libxau6:amd64 1:1.0.8-1 <none>
2018-07-05 17:02:26 status half-configured libxau6:amd64 1:1.0.8-1
2018-07-05 17:02:26 status half-installed libxau6:amd64 1:1.0.8-1
2018-07-05 17:02:26 status config-files libxau6:amd64 1:1.0.8-1
2018-07-05 17:02:26 purge libxau6:amd64 1:1.0.8-1 <none>
2018-07-05 17:02:26 status config-files libxau6:amd64 1:1.0.8-1
2018-07-05 17:02:26 status config-files libxau6:amd64 1:1.0.8-1
2018-07-05 17:02:26 status config-files libxau6:amd64 1:1.0.8-1
2018-07-05 17:02:26 status config-files libxau6:amd64 1:1.0.8-1
2018-07-05 17:02:26 status config-files libxau6:amd64 1:1.0.8-1
2018-07-05 17:02:26 status not-installed libxau6:amd64 <none>
2018-07-05 17:02:26 status installed libxdmcp6:amd64 1:1.1.2-1.1
2018-07-05 17:02:26 remove libxdmcp6:amd64 1:1.1.2-1.1 <none>
2018-07-05 17:02:26 status half-configured libxdmcp6:amd64 1:1.1.2-1.1
2018-07-05 17:02:26 status half-installed libxdmcp6:amd64 1:1.1.2-1.1
2018-07-05 17:02:26 status config-files libxdmcp6:amd64 1:1.1.2-1.1
2018-07-05 17:02:26 status config-files libxdmcp6:amd64 1:1.1.2-1.1
2018-07-05 17:02:26 status config-files libxdmcp6:amd64 1:1.1.2-1.1
2018-07-05 17:02:26 status not-installed libxdmcp6:amd64 <none>
2018-07-05 17:02:26 status installed xkb-data:all 2.16-1ubuntu1
2018-07-05 17:02:26 status installed kbd:amd64 1.15.5-1ubuntu5
2018-07-05 17:02:26 status installed console-setup:all 1.108ubuntu15.4
2018-07-05 17:02:26 status installed console-setup-linux:all 1.108ubuntu15.4
2018-07-05 17:02:26 status installed keyboard-configuration:all 1.108ubuntu15.4
2018-07-05 17:02:26 status installed xkb-data:all 2.16-1ubuntu1
2018-07-05 17:02:26 status installed kbd:amd64 1.15.5-1ubuntu5
2018-07-05 17:02:26 status installed console-setup:all 1.108ubuntu15.4
2018-07-05 17:02:26 status installed console-setup-linux:all 1.108ubuntu15.4
2018-07-05 17:02:26 status installed keyboard-configuration:all 1.108ubuntu15.4
2018-07-05 17:02:26 status installed xkb-data:all 2.16-1ubuntu1
2018-07-05 17:02:26 status installed kbd:amd64 1.15.5-1ubuntu5
2018-07-05 17:02:26 status installed console-setup:all 1.108ubuntu15.4
2018-07-05 17:02:26 status installed console-setup-linux:all 1.108ubuntu15.4
2018-07-05 17:02:26 remove console-setup-linux:all 1.108ubuntu15.4 <none>
2018-07-05 17:02:26 status half-configured console-setup-linux:all 1.108ubuntu15.4
2018-07-05 17:02:26 status half-installed console-setup-linux:all 1.108ubuntu15.4
2018-07-05 17:02:26 status config-files console-setup-linux:all 1.108ubuntu15.4
2018-07-05 17:02:26 purge console-setup-linux:all 1.108ubuntu15.4 <none>
2018-07-05 17:02:26 status config-files console-setup-linux:all 1.108ubuntu15.4
2018-07-05 17:02:26 status config-files console-setup-linux:all 1.108ubuntu15.4
2018-07-05 17:02:26 status config-files console-setup-linux:all 1.108ubuntu15.4
2018-07-05 17:02:26 status config-files console-setup-linux:all 1.108ubuntu15.4
2018-07-05 17:02:26 status config-files console-setup-linux:all 1.108ubuntu15.4
2018-07-05 17:02:26 status not-installed console-setup-linux:all <none>
2018-07-05 17:02:26 status installed keyboard-configuration:all 1.108ubuntu15.4
2018-07-05 17:02:26 status installed xkb-data:all 2.16-1ubuntu1
2018-07-05 17:02:26 status installed kbd:amd64 1.15.5-1ubuntu5
2018-07-05 17:02:26 remove kbd:amd64 1.15.5-1ubuntu5 <none>
2018-07-05 17:02:26 status half-configured kbd:amd64 1.15.5-1ubuntu5
2018-07-05 17:02:26 status half-installed kbd:amd64 1.15.5-1ubuntu5
2018-07-05 17:02:26 status config-files kbd:amd64 1.15.5-1ubuntu5
2018-07-05 17:02:26 purge kbd:amd64 1.15.5-1ubuntu5 <none>
2018-07-05 17:02:26 status config-files kbd:amd64 1.15.5-1ubuntu5
2018-07-05 17:02:26 status config-files kbd:amd64 1.15.5-1ubuntu5
2018-07-05 17:02:26 status config-files kbd:amd64 1.15.5-1ubuntu5
2018-07-05 17:02:26 status config-files kbd:amd64 1.15.5-1ubuntu5
2018-07-05 17:02:26 status config-files kbd:amd64 1.15.5-1ubuntu5
2018-07-05 17:02:26 status not-installed kbd:amd64 <none>
2018-07-05 17:02:26 status installed console-setup:all 1.108ubuntu15.4
2018-07-05 17:02:26 remove console-setup:all 1.108ubuntu15.4 <none>
2018-07-05 17:02:26 status half-configured console-setup:all 1.108ubuntu15.4
2018-07-05 17:02:26 status half-installed console-setup:all 1.108ubuntu15.4
2018-07-05 17:02:26 status config-files console-setup:all 1.108ubuntu15.4
2018-07-05 17:02:26 purge console-setup:all 1.108ubuntu15.4 <none>
2018-07-05 17:02:26 status config-files console-setup:all 1.108ubuntu15.4
2018-07-05 17:02:26 status config-files console-setup:all 1.108ubuntu15.4
2018-07-05 17:02:26 status config-files console-setup:all 1.108ubuntu15.4
2018-07-05 17:02:27 status config-files console-setup:all 1.108ubuntu15.4
2018-07-05 17:02:27 status config-files console-setup:all 1.108ubuntu15.4
2018-07-05 17:02:27 status not-installed console-setup:all <none>
2018-07-05 17:02:27 status installed keyboard-configuration:all 1.108ubuntu15.4
2018-07-05 17:02:27 remove keyboard-configuration:all 1.108ubuntu15.4 <none>
2018-07-05 17:02:27 status half-configured keyboard-configuration:all 1.108ubuntu15.4
2018-07-05 17:02:27 status half-installed keyboard-configuration:all 1.108ubuntu15.4
2018-07-05 17:02:27 status config-files keyboard-configuration:all 1.108ubuntu15.4
2018-07-05 17:02:27 purge keyboard-configuration:all 1.108ubuntu15.4 <none>
2018-07-05 17:02:27 status config-files keyboard-configuration:all 1.108ubuntu15.4
2018-07-05 17:02:27 status config-files keyboard-configuration:all 1.108ubuntu15.4
2018-07-05 17:02:27 status config-files keyboard-configuration:all 1.108ubuntu15.4
2018-07-05 17:02:28 status config-files keyboard-configuration:all 1.108ubuntu15.4
2018-07-05 17:02:28 status config-files keyboard-configuration:all 1.108ubuntu15.4
2018-07-05 17:02:28 status not-installed keyboard-configuration:all <none>
2018-07-05 17:02:28 status installed xkb-data:all 2.16-1ubuntu1
2018-07-05 17:02:28 remove xkb-data:all 2.16-1ubuntu1 <none>
2018-07-05 17:02:28 status half-configured xkb-data:all 2.16-1ubuntu1
2018-07-05 17:02:28 status half-installed xkb-data:all 2.16-1ubuntu1
2018-07-05 17:02:28 status config-files xkb-data:all 2.16-1ubuntu1
2018-07-05 17:02:28 status config-files xkb-data:all 2.16-1ubuntu1
2018-07-05 17:02:28 status config-files xkb-data:all 2.16-1ubuntu1
2018-07-05 17:02:28 status not-installed xkb-data:all <none>
2018-07-05 17:02:28 trigproc initramfs-tools:all 0.122ubuntu8.11 <none>
2018-07-05 17:02:28 status half-configured initramfs-tools:all 0.122ubuntu8.11
2018-07-05 17:02:28 status installed initramfs-tools:all 0.122ubuntu8.11
2018-07-05 17:02:28 trigproc dbus:amd64 1.10.6-1ubuntu3.3 <none>
2018-07-05 17:02:28 status half-configured dbus:amd64 1.10.6-1ubuntu3.3
2018-07-05 17:02:28 status installed dbus:amd64 1.10.6-1ubuntu3.3
2018-07-05 17:02:28 trigproc mime-support:all 3.59ubuntu1 <none>
2018-07-05 17:02:28 status half-configured mime-support:all 3.59ubuntu1
2018-07-05 17:02:28 status installed mime-support:all 3.59ubuntu1
2018-07-05 17:02:28 trigproc libc-bin:amd64 2.23-0ubuntu10 <none>
2018-07-05 17:02:28 status half-configured libc-bin:amd64 2.23-0ubuntu10
2018-07-05 17:02:28 status installed libc-bin:amd64 2.23-0ubuntu10
2018-07-05 17:02:28 startup packages configure
2018-07-05 17:02:29 startup archives unpack
2018-07-05 17:02:29 install vim-common:amd64 <none> 2:7.4.1689-3ubuntu1.2
2018-07-05 17:02:29 status half-installed vim-common:amd64 2:7.4.1689-3ubuntu1.2
2018-07-05 17:02:29 status triggers-pending mime-support:all 3.59ubuntu1
2018-07-05 17:02:29 status triggers-pending mime-support:all 3.59ubuntu1
2018-07-05 17:02:29 status unpacked vim-common:amd64 2:7.4.1689-3ubuntu1.2
2018-07-05 17:02:29 status unpacked vim-common:amd64 2:7.4.1689-3ubuntu1.2
2018-07-05 17:02:29 install pollinate:all <none> 4.33-0ubuntu1~16.04.1
2018-07-05 17:02:29 status half-installed pollinate:all 4.33-0ubuntu1~16.04.1
2018-07-05 17:02:29 status unpacked pollinate:all 4.33-0ubuntu1~16.04.1
2018-07-05 17:02:29 status unpacked pollinate:all 4.33-0ubuntu1~16.04.1
2018-07-05 17:02:29 trigproc mime-support:all 3.59ubuntu1 <none>
2018-07-05 17:02:29 status half-configured mime-support:all 3.59ubuntu1
2018-07-05 17:02:29 status installed mime-support:all 3.59ubuntu1
2018-07-05 17:02:29 startup packages configure
2018-07-05 17:02:29 configure vim-common:amd64 2:7.4.1689-3ubuntu1.2 <none>
2018-07-05 17:02:29 status unpacked vim-common:amd64 2:7.4.1689-3ubuntu1.2
2018-07-05 17:02:29 status unpacked vim-common:amd64 2:7.4.1689-3ubuntu1.2
2018-07-05 17:02:29 status half-configured vim-common:amd64 2:7.4.1689-3ubuntu1.2
2018-07-05 17:02:29 status installed vim-common:amd64 2:7.4.1689-3ubuntu1.2
2018-07-05 17:02:29 configure pollinate:all 4.33-0ubuntu1~16.04.1 <none>
2018-07-05 17:02:29 status unpacked pollinate:all 4.33-0ubuntu1~16.04.1
2018-07-05 17:02:29 status unpacked pollinate:all 4.33-0ubuntu1~16.04.1
2018-07-05 17:02:29 status unpacked pollinate:all 4.33-0ubuntu1~16.04.1
2018-07-05 17:02:29 status unpacked pollinate:all 4.33-0ubuntu1~16.04.1
2018-07-05 17:02:29 status half-configured pollinate:all 4.33-0ubuntu1~16.04.1
2018-07-05 17:02:30 status installed pollinate:all 4.33-0ubuntu1~16.04.1
2018-07-05 17:02:30 startup packages configure
2018-07-05 17:21:21 startup packages purge
2018-07-05 17:21:21 status installed linux-image-kvm:amd64 4.4.0.1029.28
2018-07-05 17:21:21 remove linux-image-kvm:amd64 4.4.0.1029.28 <none>
2018-07-05 17:21:21 status half-configured linux-image-kvm:amd64 4.4.0.1029.28
2018-07-05 17:21:21 status half-installed linux-image-kvm:amd64 4.4.0.1029.28
2018-07-05 17:21:21 status config-files linux-image-kvm:amd64 4.4.0.1029.28
2018-07-05 17:21:22 status config-files linux-image-kvm:amd64 4.4.0.1029.28
2018-07-05 17:21:22 status config-files linux-image-kvm:amd64 4.4.0.1029.28
2018-07-05 17:21:22 status not-installed linux-image-kvm:amd64 <none>
2018-07-05 17:21:22 status installed linux-image-4.4.0-1029-kvm:amd64 4.4.0-1029.34
2018-07-05 17:21:22 remove linux-image-4.4.0-1029-kvm:amd64 4.4.0-1029.34 <none>
2018-07-05 17:21:22 status half-configured linux-image-4.4.0-1029-kvm:amd64 4.4.0-1029.34
2018-07-05 17:21:22 status half-installed linux-image-4.4.0-1029-kvm:amd64 4.4.0-1029.34
2018-07-05 17:21:23 status config-files linux-image-4.4.0-1029-kvm:amd64 4.4.0-1029.34
2018-07-05 17:21:23 purge linux-image-4.4.0-1029-kvm:amd64 4.4.0-1029.34 <none>
2018-07-05 17:21:23 status config-files linux-image-4.4.0-1029-kvm:amd64 4.4.0-1029.34
2018-07-05 17:21:23 status config-files linux-image-4.4.0-1029-kvm:amd64 4.4.0-1029.34
2018-07-05 17:21:23 status config-files linux-image-4.4.0-1029-kvm:amd64 4.4.0-1029.34
2018-07-05 17:21:23 status config-files linux-image-4.4.0-1029-kvm:amd64 4.4.0-1029.34
2018-07-05 17:21:23 status config-files linux-image-4.4.0-1029-kvm:amd64 4.4.0-1029.34
2018-07-05 17:21:23 status not-installed linux-image-4.4.0-1029-kvm:amd64 <none>
2018-07-05 17:21:23 startup packages configure
2018-07-05 17:21:32 startup archives unpack
2018-07-05 17:21:32 install linux-image-4.4.0-1062-aws:amd64 <none> 4.4.0-1062.71
2018-07-05 17:21:32 status half-installed linux-image-4.4.0-1062-aws:amd64 4.4.0-1062.71
2018-07-05 17:21:38 status unpacked linux-image-4.4.0-1062-aws:amd64 4.4.0-1062.71
2018-07-05 17:21:38 status unpacked linux-image-4.4.0-1062-aws:amd64 4.4.0-1062.71
2018-07-05 17:21:38 install linux-image-aws:amd64 <none> 4.4.0.1062.64
2018-07-05 17:21:38 status half-installed linux-image-aws:amd64 4.4.0.1062.64
2018-07-05 17:21:38 status unpacked linux-image-aws:amd64 4.4.0.1062.64
2018-07-05 17:21:38 status unpacked linux-image-aws:amd64 4.4.0.1062.64
2018-07-05 17:21:38 install linux-aws-headers-4.4.0-1062:all <none> 4.4.0-1062.71
2018-07-05 17:21:38 status half-installed linux-aws-headers-4.4.0-1062:all 4.4.0-1062.71
2018-07-05 17:21:45 status unpacked linux-aws-headers-4.4.0-1062:all 4.4.0-1062.71
2018-07-05 17:21:45 status unpacked linux-aws-headers-4.4.0-1062:all 4.4.0-1062.71
2018-07-05 17:21:45 install linux-headers-4.4.0-1062-aws:amd64 <none> 4.4.0-1062.71
2018-07-05 17:21:45 status half-installed linux-headers-4.4.0-1062-aws:amd64 4.4.0-1062.71
2018-07-05 17:21:47 status unpacked linux-headers-4.4.0-1062-aws:amd64 4.4.0-1062.71
2018-07-05 17:21:47 status unpacked linux-headers-4.4.0-1062-aws:amd64 4.4.0-1062.71
2018-07-05 17:21:47 install linux-headers-aws:amd64 <none> 4.4.0.1062.64
2018-07-05 17:21:47 status half-installed linux-headers-aws:amd64 4.4.0.1062.64
2018-07-05 17:21:47 status unpacked linux-headers-aws:amd64 4.4.0.1062.64
2018-07-05 17:21:47 status unpacked linux-headers-aws:amd64 4.4.0.1062.64
2018-07-05 17:21:47 install linux-aws:amd64 <none> 4.4.0.1062.64
2018-07-05 17:21:47 status half-installed linux-aws:amd64 4.4.0.1062.64
2018-07-05 17:21:47 status unpacked linux-aws:amd64 4.4.0.1062.64
2018-07-05 17:21:47 status unpacked linux-aws:amd64 4.4.0.1062.64
2018-07-05 17:21:47 startup packages configure
2018-07-05 17:21:47 configure linux-image-4.4.0-1062-aws:amd64 4.4.0-1062.71 <none>
2018-07-05 17:21:47 status unpacked linux-image-4.4.0-1062-aws:amd64 4.4.0-1062.71
2018-07-05 17:21:47 status half-configured linux-image-4.4.0-1062-aws:amd64 4.4.0-1062.71
2018-07-05 17:21:59 status installed linux-image-4.4.0-1062-aws:amd64 4.4.0-1062.71
2018-07-05 17:21:59 configure linux-image-aws:amd64 4.4.0.1062.64 <none>
2018-07-05 17:21:59 status unpacked linux-image-aws:amd64 4.4.0.1062.64
2018-07-05 17:21:59 status half-configured linux-image-aws:amd64 4.4.0.1062.64
2018-07-05 17:21:59 status installed linux-image-aws:amd64 4.4.0.1062.64
2018-07-05 17:21:59 configure linux-aws-headers-4.4.0-1062:all 4.4.0-1062.71 <none>
2018-07-05 17:21:59 status unpacked linux-aws-headers-4.4.0-1062:all 4.4.0-1062.71
2018-07-05 17:21:59 status half-configured linux-aws-headers-4.4.0-1062:all 4.4.0-1062.71
2018-07-05 17:21:59 status installed linux-aws-headers-4.4.0-1062:all 4.4.0-1062.71
2018-07-05 17:21:59 configure linux-headers-4.4.0-1062-aws:amd64 4.4.0-1062.71 <none>
2018-07-05 17:21:59 status unpacked linux-headers-4.4.0-1062-aws:amd64 4.4.0-1062.71
2018-07-05 17:21:59 status half-configured linux-headers-4.4.0-1062-aws:amd64 4.4.0-1062.71
2018-07-05 17:21:59 status installed linux-headers-4.4.0-1062-aws:amd64 4.4.0-1062.71
2018-07-05 17:21:59 configure linux-headers-aws:amd64 4.4.0.1062.64 <none>
2018-07-05 17:21:59 status unpacked linux-headers-aws:amd64 4.4.0.1062.64
2018-07-05 17:21:59 status half-configured linux-headers-aws:amd64 4.4.0.1062.64
2018-07-05 17:21:59 status installed linux-headers-aws:amd64 4.4.0.1062.64
2018-07-05 17:21:59 configure linux-aws:amd64 4.4.0.1062.64 <none>
2018-07-05 17:21:59 status unpacked linux-aws:amd64 4.4.0.1062.64
2018-07-05 17:21:59 status half-configured linux-aws:amd64 4.4.0.1062.64
2018-07-05 17:21:59 status installed linux-aws:amd64 4.4.0.1062.64
2018-07-05 17:21:59 startup packages configure
2018-07-05 17:22:02 startup archives unpack
2018-07-05 17:22:02 install hibagent:all <none> 1.0.1-0ubuntu1~16.04.1
2018-07-05 17:22:02 status half-installed hibagent:all 1.0.1-0ubuntu1~16.04.1
2018-07-05 17:22:02 status triggers-pending systemd:amd64 229-4ubuntu21.2
2018-07-05 17:22:02 status unpacked hibagent:all 1.0.1-0ubuntu1~16.04.1
2018-07-05 17:22:02 status unpacked hibagent:all 1.0.1-0ubuntu1~16.04.1
2018-07-05 17:22:02 trigproc systemd:amd64 229-4ubuntu21.2 <none>
2018-07-05 17:22:02 status half-configured systemd:amd64 229-4ubuntu21.2
2018-07-05 17:22:02 status installed systemd:amd64 229-4ubuntu21.2
2018-07-05 17:22:02 startup packages configure
2018-07-05 17:22:02 configure hibagent:all 1.0.1-0ubuntu1~16.04.1 <none>
2018-07-05 17:22:02 status unpacked hibagent:all 1.0.1-0ubuntu1~16.04.1
2018-07-05 17:22:02 status unpacked hibagent:all 1.0.1-0ubuntu1~16.04.1
2018-07-05 17:22:02 status triggers-pending systemd:amd64 229-4ubuntu21.2
2018-07-05 17:22:02 status unpacked hibagent:all 1.0.1-0ubuntu1~16.04.1
2018-07-05 17:22:02 status half-configured hibagent:all 1.0.1-0ubuntu1~16.04.1
2018-07-05 17:22:02 status installed hibagent:all 1.0.1-0ubuntu1~16.04.1
2018-07-05 17:22:02 trigproc systemd:amd64 229-4ubuntu21.2 <none>
2018-07-05 17:22:02 status half-configured systemd:amd64 229-4ubuntu21.2
2018-07-05 17:22:02 status installed systemd:amd64 229-4ubuntu21.2
2018-07-05 17:22:02 startup packages configure
2018-07-11 19:54:29 startup archives unpack
2018-07-11 19:54:30 install less:amd64 <none> 481-2.1ubuntu0.2
2018-07-11 19:54:30 status half-installed less:amd64 481-2.1ubuntu0.2
2018-07-11 19:54:30 status triggers-pending mime-support:all 3.59ubuntu1
2018-07-11 19:54:30 status unpacked less:amd64 481-2.1ubuntu0.2
2018-07-11 19:54:30 status unpacked less:amd64 481-2.1ubuntu0.2
2018-07-11 19:54:30 install liberror-perl:all <none> 0.17-1.2
2018-07-11 19:54:30 status half-installed liberror-perl:all 0.17-1.2
2018-07-11 19:54:30 status unpacked liberror-perl:all 0.17-1.2
2018-07-11 19:54:30 status unpacked liberror-perl:all 0.17-1.2
2018-07-11 19:54:30 install git:amd64 <none> 1:2.7.4-0ubuntu1.4
2018-07-11 19:54:30 status half-installed git:amd64 1:2.7.4-0ubuntu1.4
2018-07-11 19:54:30 status unpacked git:amd64 1:2.7.4-0ubuntu1.4
2018-07-11 19:54:30 status unpacked git:amd64 1:2.7.4-0ubuntu1.4
2018-07-11 19:54:30 trigproc mime-support:all 3.59ubuntu1 <none>
2018-07-11 19:54:30 status half-configured mime-support:all 3.59ubuntu1
2018-07-11 19:54:30 status installed mime-support:all 3.59ubuntu1
2018-07-11 19:54:30 startup packages configure
2018-07-11 19:54:30 configure less:amd64 481-2.1ubuntu0.2 <none>
2018-07-11 19:54:30 status unpacked less:amd64 481-2.1ubuntu0.2
2018-07-11 19:54:30 status half-configured less:amd64 481-2.1ubuntu0.2
2018-07-11 19:54:30 status installed less:amd64 481-2.1ubuntu0.2
2018-07-11 19:54:30 configure liberror-perl:all 0.17-1.2 <none>
2018-07-11 19:54:30 status unpacked liberror-perl:all 0.17-1.2
2018-07-11 19:54:30 status half-configured liberror-perl:all 0.17-1.2
2018-07-11 19:54:30 status installed liberror-perl:all 0.17-1.2
2018-07-11 19:54:30 configure git:amd64 1:2.7.4-0ubuntu1.4 <none>
2018-07-11 19:54:30 status unpacked git:amd64 1:2.7.4-0ubuntu1.4
2018-07-11 19:54:30 status unpacked git:amd64 1:2.7.4-0ubuntu1.4
2018-07-11 19:54:30 status half-configured git:amd64 1:2.7.4-0ubuntu1.4
2018-07-11 19:54:30 status installed git:amd64 1:2.7.4-0ubuntu1.4
2018-07-11 19:54:30 startup packages configure
2018-07-11 19:54:43 startup archives unpack
2018-07-11 19:54:43 install libpython3.5:amd64 <none> 3.5.2-2ubuntu0~16.04.4
2018-07-11 19:54:43 status triggers-pending libc-bin:amd64 2.23-0ubuntu10
2018-07-11 19:54:43 status half-installed libpython3.5:amd64 3.5.2-2ubuntu0~16.04.4
2018-07-11 19:54:43 status unpacked libpython3.5:amd64 3.5.2-2ubuntu0~16.04.4
2018-07-11 19:54:43 status unpacked libpython3.5:amd64 3.5.2-2ubuntu0~16.04.4
2018-07-11 19:54:43 install vim-runtime:all <none> 2:7.4.1689-3ubuntu1.2
2018-07-11 19:54:43 status half-installed vim-runtime:all 2:7.4.1689-3ubuntu1.2
2018-07-11 19:54:44 status unpacked vim-runtime:all 2:7.4.1689-3ubuntu1.2
2018-07-11 19:54:44 status unpacked vim-runtime:all 2:7.4.1689-3ubuntu1.2
2018-07-11 19:54:44 install vim:amd64 <none> 2:7.4.1689-3ubuntu1.2
2018-07-11 19:54:44 status half-installed vim:amd64 2:7.4.1689-3ubuntu1.2
2018-07-11 19:54:44 status unpacked vim:amd64 2:7.4.1689-3ubuntu1.2
2018-07-11 19:54:44 status unpacked vim:amd64 2:7.4.1689-3ubuntu1.2
2018-07-11 19:54:44 trigproc libc-bin:amd64 2.23-0ubuntu10 <none>
2018-07-11 19:54:44 status half-configured libc-bin:amd64 2.23-0ubuntu10
2018-07-11 19:54:44 status installed libc-bin:amd64 2.23-0ubuntu10
2018-07-11 19:54:44 startup packages configure
2018-07-11 19:54:44 configure libpython3.5:amd64 3.5.2-2ubuntu0~16.04.4 <none>
2018-07-11 19:54:44 status triggers-pending libc-bin:amd64 2.23-0ubuntu10
2018-07-11 19:54:44 status unpacked libpython3.5:amd64 3.5.2-2ubuntu0~16.04.4
2018-07-11 19:54:44 status half-configured libpython3.5:amd64 3.5.2-2ubuntu0~16.04.4
2018-07-11 19:54:44 status installed libpython3.5:amd64 3.5.2-2ubuntu0~16.04.4
2018-07-11 19:54:44 configure vim-runtime:all 2:7.4.1689-3ubuntu1.2 <none>
2018-07-11 19:54:44 status unpacked vim-runtime:all 2:7.4.1689-3ubuntu1.2
2018-07-11 19:54:44 status half-configured vim-runtime:all 2:7.4.1689-3ubuntu1.2
2018-07-11 19:54:44 status installed vim-runtime:all 2:7.4.1689-3ubuntu1.2
2018-07-11 19:54:44 configure vim:amd64 2:7.4.1689-3ubuntu1.2 <none>
2018-07-11 19:54:44 status unpacked vim:amd64 2:7.4.1689-3ubuntu1.2
2018-07-11 19:54:44 status half-configured vim:amd64 2:7.4.1689-3ubuntu1.2
2018-07-11 19:54:44 status installed vim:amd64 2:7.4.1689-3ubuntu1.2
2018-07-11 19:54:44 trigproc libc-bin:amd64 2.23-0ubuntu10 <none>
2018-07-11 19:54:44 status half-configured libc-bin:amd64 2.23-0ubuntu10
2018-07-11 19:54:44 status installed libc-bin:amd64 2.23-0ubuntu10
2018-07-11 19:54:44 startup packages configure
2018-07-11 19:55:18 startup archives unpack
2018-07-11 19:55:18 install iso-codes:all <none> 3.65-1
2018-07-11 19:55:18 status half-installed iso-codes:all 3.65-1
2018-07-11 19:55:18 status unpacked iso-codes:all 3.65-1
2018-07-11 19:55:18 status unpacked iso-codes:all 3.65-1
2018-07-11 19:55:18 install python3-pycurl:amd64 <none> 7.43.0-1ubuntu1
2018-07-11 19:55:18 status half-installed python3-pycurl:amd64 7.43.0-1ubuntu1
2018-07-11 19:55:18 status unpacked python3-pycurl:amd64 7.43.0-1ubuntu1
2018-07-11 19:55:18 status unpacked python3-pycurl:amd64 7.43.0-1ubuntu1
2018-07-11 19:55:19 install python3-software-properties:all <none> 0.96.20.7
2018-07-11 19:55:19 status half-installed python3-software-properties:all 0.96.20.7
2018-07-11 19:55:19 status unpacked python3-software-properties:all 0.96.20.7
2018-07-11 19:55:19 status unpacked python3-software-properties:all 0.96.20.7
2018-07-11 19:55:19 install software-properties-common:all <none> 0.96.20.7
2018-07-11 19:55:19 status half-installed software-properties-common:all 0.96.20.7
2018-07-11 19:55:19 status triggers-pending dbus:amd64 1.10.6-1ubuntu3.3
2018-07-11 19:55:19 status triggers-pending dbus:amd64 1.10.6-1ubuntu3.3
2018-07-11 19:55:19 status unpacked software-properties-common:all 0.96.20.7
2018-07-11 19:55:19 status unpacked software-properties-common:all 0.96.20.7
2018-07-11 19:55:19 trigproc dbus:amd64 1.10.6-1ubuntu3.3 <none>
2018-07-11 19:55:19 status half-configured dbus:amd64 1.10.6-1ubuntu3.3
2018-07-11 19:55:19 status installed dbus:amd64 1.10.6-1ubuntu3.3
2018-07-11 19:55:19 startup packages configure
2018-07-11 19:55:19 configure iso-codes:all 3.65-1 <none>
2018-07-11 19:55:19 status unpacked iso-codes:all 3.65-1
2018-07-11 19:55:19 status half-configured iso-codes:all 3.65-1
2018-07-11 19:55:19 status installed iso-codes:all 3.65-1
2018-07-11 19:55:19 configure python3-pycurl:amd64 7.43.0-1ubuntu1 <none>
2018-07-11 19:55:19 status unpacked python3-pycurl:amd64 7.43.0-1ubuntu1
2018-07-11 19:55:19 status half-configured python3-pycurl:amd64 7.43.0-1ubuntu1
2018-07-11 19:55:19 status installed python3-pycurl:amd64 7.43.0-1ubuntu1
2018-07-11 19:55:19 configure python3-software-properties:all 0.96.20.7 <none>
2018-07-11 19:55:19 status unpacked python3-software-properties:all 0.96.20.7
2018-07-11 19:55:19 status half-configured python3-software-properties:all 0.96.20.7
2018-07-11 19:55:19 status installed python3-software-properties:all 0.96.20.7
2018-07-11 19:55:19 configure software-properties-common:all 0.96.20.7 <none>
2018-07-11 19:55:19 status unpacked software-properties-common:all 0.96.20.7
2018-07-11 19:55:19 status triggers-pending dbus:amd64 1.10.6-1ubuntu3.3
2018-07-11 19:55:19 status unpacked software-properties-common:all 0.96.20.7
2018-07-11 19:55:19 status half-configured software-properties-common:all 0.96.20.7
2018-07-11 19:55:19 status installed software-properties-common:all 0.96.20.7
2018-07-11 19:55:19 trigproc dbus:amd64 1.10.6-1ubuntu3.3 <none>
2018-07-11 19:55:19 status half-configured dbus:amd64 1.10.6-1ubuntu3.3
2018-07-11 19:55:19 status installed dbus:amd64 1.10.6-1ubuntu3.3
2018-07-11 19:55:20 startup packages configure
2018-07-11 19:55:30 startup archives unpack
2018-07-11 19:55:30 install libpython2.7-minimal:amd64 <none> 2.7.12-1ubuntu0~16.04.3
2018-07-11 19:55:30 status half-installed libpython2.7-minimal:amd64 2.7.12-1ubuntu0~16.04.3
2018-07-11 19:55:30 status unpacked libpython2.7-minimal:amd64 2.7.12-1ubuntu0~16.04.3
2018-07-11 19:55:30 status unpacked libpython2.7-minimal:amd64 2.7.12-1ubuntu0~16.04.3
2018-07-11 19:55:30 install python2.7-minimal:amd64 <none> 2.7.12-1ubuntu0~16.04.3
2018-07-11 19:55:30 status half-installed python2.7-minimal:amd64 2.7.12-1ubuntu0~16.04.3
2018-07-11 19:55:30 status unpacked python2.7-minimal:amd64 2.7.12-1ubuntu0~16.04.3
2018-07-11 19:55:30 status unpacked python2.7-minimal:amd64 2.7.12-1ubuntu0~16.04.3
2018-07-11 19:55:30 install python-minimal:amd64 <none> 2.7.12-1~16.04
2018-07-11 19:55:30 status half-installed python-minimal:amd64 2.7.12-1~16.04
2018-07-11 19:55:30 status unpacked python-minimal:amd64 2.7.12-1~16.04
2018-07-11 19:55:30 status unpacked python-minimal:amd64 2.7.12-1~16.04
2018-07-11 19:55:30 install libpython2.7-stdlib:amd64 <none> 2.7.12-1ubuntu0~16.04.3
2018-07-11 19:55:30 status half-installed libpython2.7-stdlib:amd64 2.7.12-1ubuntu0~16.04.3
2018-07-11 19:55:31 status unpacked libpython2.7-stdlib:amd64 2.7.12-1ubuntu0~16.04.3
2018-07-11 19:55:31 status unpacked libpython2.7-stdlib:amd64 2.7.12-1ubuntu0~16.04.3
2018-07-11 19:55:31 install python2.7:amd64 <none> 2.7.12-1ubuntu0~16.04.3
2018-07-11 19:55:31 status half-installed python2.7:amd64 2.7.12-1ubuntu0~16.04.3
2018-07-11 19:55:31 status triggers-pending mime-support:all 3.59ubuntu1
2018-07-11 19:55:31 status unpacked python2.7:amd64 2.7.12-1ubuntu0~16.04.3
2018-07-11 19:55:31 status unpacked python2.7:amd64 2.7.12-1ubuntu0~16.04.3
2018-07-11 19:55:31 install libpython-stdlib:amd64 <none> 2.7.12-1~16.04
2018-07-11 19:55:31 status half-installed libpython-stdlib:amd64 2.7.12-1~16.04
2018-07-11 19:55:31 status unpacked libpython-stdlib:amd64 2.7.12-1~16.04
2018-07-11 19:55:31 status unpacked libpython-stdlib:amd64 2.7.12-1~16.04
2018-07-11 19:55:31 trigproc mime-support:all 3.59ubuntu1 <none>
2018-07-11 19:55:31 status half-configured mime-support:all 3.59ubuntu1
2018-07-11 19:55:31 status installed mime-support:all 3.59ubuntu1
2018-07-11 19:55:31 startup packages configure
2018-07-11 19:55:31 configure libpython2.7-minimal:amd64 2.7.12-1ubuntu0~16.04.3 <none>
2018-07-11 19:55:31 status unpacked libpython2.7-minimal:amd64 2.7.12-1ubuntu0~16.04.3
2018-07-11 19:55:31 status unpacked libpython2.7-minimal:amd64 2.7.12-1ubuntu0~16.04.3
2018-07-11 19:55:31 status half-configured libpython2.7-minimal:amd64 2.7.12-1ubuntu0~16.04.3
2018-07-11 19:55:31 status installed libpython2.7-minimal:amd64 2.7.12-1ubuntu0~16.04.3
2018-07-11 19:55:31 configure python2.7-minimal:amd64 2.7.12-1ubuntu0~16.04.3 <none>
2018-07-11 19:55:31 status unpacked python2.7-minimal:amd64 2.7.12-1ubuntu0~16.04.3
2018-07-11 19:55:31 status half-configured python2.7-minimal:amd64 2.7.12-1ubuntu0~16.04.3
2018-07-11 19:55:31 status installed python2.7-minimal:amd64 2.7.12-1ubuntu0~16.04.3
2018-07-11 19:55:31 configure python-minimal:amd64 2.7.12-1~16.04 <none>
2018-07-11 19:55:31 status unpacked python-minimal:amd64 2.7.12-1~16.04
2018-07-11 19:55:31 status half-configured python-minimal:amd64 2.7.12-1~16.04
2018-07-11 19:55:31 status installed python-minimal:amd64 2.7.12-1~16.04
2018-07-11 19:55:31 startup archives unpack
2018-07-11 19:55:31 install python:amd64 <none> 2.7.12-1~16.04
2018-07-11 19:55:31 status half-installed python:amd64 2.7.12-1~16.04
2018-07-11 19:55:31 status unpacked python:amd64 2.7.12-1~16.04
2018-07-11 19:55:31 status unpacked python:amd64 2.7.12-1~16.04
2018-07-11 19:55:31 install python-markupsafe:amd64 <none> 0.23-2build2
2018-07-11 19:55:31 status half-installed python-markupsafe:amd64 0.23-2build2
2018-07-11 19:55:31 status unpacked python-markupsafe:amd64 0.23-2build2
2018-07-11 19:55:31 status unpacked python-markupsafe:amd64 0.23-2build2
2018-07-11 19:55:31 install python-jinja2:all <none> 2.8-1
2018-07-11 19:55:31 status half-installed python-jinja2:all 2.8-1
2018-07-11 19:55:31 status unpacked python-jinja2:all 2.8-1
2018-07-11 19:55:31 status unpacked python-jinja2:all 2.8-1
2018-07-11 19:55:32 install python-yaml:amd64 <none> 3.11-3build1
2018-07-11 19:55:32 status half-installed python-yaml:amd64 3.11-3build1
2018-07-11 19:55:32 status unpacked python-yaml:amd64 3.11-3build1
2018-07-11 19:55:32 status unpacked python-yaml:amd64 3.11-3build1
2018-07-11 19:55:32 install python-crypto:amd64 <none> 2.6.1-6ubuntu0.16.04.3
2018-07-11 19:55:32 status half-installed python-crypto:amd64 2.6.1-6ubuntu0.16.04.3
2018-07-11 19:55:32 status unpacked python-crypto:amd64 2.6.1-6ubuntu0.16.04.3
2018-07-11 19:55:32 status unpacked python-crypto:amd64 2.6.1-6ubuntu0.16.04.3
2018-07-11 19:55:32 install python-six:all <none> 1.10.0-3
2018-07-11 19:55:32 status half-installed python-six:all 1.10.0-3
2018-07-11 19:55:32 status unpacked python-six:all 1.10.0-3
2018-07-11 19:55:32 status unpacked python-six:all 1.10.0-3
2018-07-11 19:55:32 install python-ecdsa:all <none> 0.13-2
2018-07-11 19:55:32 status half-installed python-ecdsa:all 0.13-2
2018-07-11 19:55:32 status unpacked python-ecdsa:all 0.13-2
2018-07-11 19:55:32 status unpacked python-ecdsa:all 0.13-2
2018-07-11 19:55:32 install python-paramiko:all <none> 1.16.0-1ubuntu0.1
2018-07-11 19:55:32 status half-installed python-paramiko:all 1.16.0-1ubuntu0.1
2018-07-11 19:55:32 status unpacked python-paramiko:all 1.16.0-1ubuntu0.1
2018-07-11 19:55:32 status unpacked python-paramiko:all 1.16.0-1ubuntu0.1
2018-07-11 19:55:32 install python-httplib2:all <none> 0.9.1+dfsg-1
2018-07-11 19:55:32 status half-installed python-httplib2:all 0.9.1+dfsg-1
2018-07-11 19:55:32 status unpacked python-httplib2:all 0.9.1+dfsg-1
2018-07-11 19:55:32 status unpacked python-httplib2:all 0.9.1+dfsg-1
2018-07-11 19:55:32 install python-pkg-resources:all <none> 20.7.0-1
2018-07-11 19:55:32 status half-installed python-pkg-resources:all 20.7.0-1
2018-07-11 19:55:32 status unpacked python-pkg-resources:all 20.7.0-1
2018-07-11 19:55:32 status unpacked python-pkg-resources:all 20.7.0-1
2018-07-11 19:55:32 install python-setuptools:all <none> 20.7.0-1
2018-07-11 19:55:32 status half-installed python-setuptools:all 20.7.0-1
2018-07-11 19:55:32 status unpacked python-setuptools:all 20.7.0-1
2018-07-11 19:55:32 status unpacked python-setuptools:all 20.7.0-1
2018-07-11 19:55:32 install sshpass:amd64 <none> 1.05-1
2018-07-11 19:55:32 status half-installed sshpass:amd64 1.05-1
2018-07-11 19:55:32 status unpacked sshpass:amd64 1.05-1
2018-07-11 19:55:32 status unpacked sshpass:amd64 1.05-1
2018-07-11 19:55:32 install python-cffi-backend:amd64 <none> 1.5.2-1ubuntu1
2018-07-11 19:55:32 status half-installed python-cffi-backend:amd64 1.5.2-1ubuntu1
2018-07-11 19:55:32 status unpacked python-cffi-backend:amd64 1.5.2-1ubuntu1
2018-07-11 19:55:32 status unpacked python-cffi-backend:amd64 1.5.2-1ubuntu1
2018-07-11 19:55:32 install python-enum34:all <none> 1.1.2-1
2018-07-11 19:55:32 status half-installed python-enum34:all 1.1.2-1
2018-07-11 19:55:32 status unpacked python-enum34:all 1.1.2-1
2018-07-11 19:55:32 status unpacked python-enum34:all 1.1.2-1
2018-07-11 19:55:32 install python-idna:all <none> 2.0-3
2018-07-11 19:55:32 status half-installed python-idna:all 2.0-3
2018-07-11 19:55:32 status unpacked python-idna:all 2.0-3
2018-07-11 19:55:32 status unpacked python-idna:all 2.0-3
2018-07-11 19:55:32 install python-ipaddress:all <none> 1.0.16-1
2018-07-11 19:55:32 status half-installed python-ipaddress:all 1.0.16-1
2018-07-11 19:55:32 status unpacked python-ipaddress:all 1.0.16-1
2018-07-11 19:55:32 status unpacked python-ipaddress:all 1.0.16-1
2018-07-11 19:55:32 install python-pyasn1:all <none> 0.1.9-1
2018-07-11 19:55:32 status half-installed python-pyasn1:all 0.1.9-1
2018-07-11 19:55:32 status unpacked python-pyasn1:all 0.1.9-1
2018-07-11 19:55:32 status unpacked python-pyasn1:all 0.1.9-1
2018-07-11 19:55:32 install python-cryptography:amd64 <none> 1.2.3-1ubuntu0.1
2018-07-11 19:55:32 status half-installed python-cryptography:amd64 1.2.3-1ubuntu0.1
2018-07-11 19:55:33 status unpacked python-cryptography:amd64 1.2.3-1ubuntu0.1
2018-07-11 19:55:33 status unpacked python-cryptography:amd64 1.2.3-1ubuntu0.1
2018-07-11 19:55:33 install ansible:all <none> 2.6.1-1ppa~xenial
2018-07-11 19:55:33 status half-installed ansible:all 2.6.1-1ppa~xenial
2018-07-11 19:55:34 status unpacked ansible:all 2.6.1-1ppa~xenial
2018-07-11 19:55:34 status unpacked ansible:all 2.6.1-1ppa~xenial
2018-07-11 19:55:34 startup packages configure
2018-07-11 19:55:34 configure libpython2.7-stdlib:amd64 2.7.12-1ubuntu0~16.04.3 <none>
2018-07-11 19:55:34 status unpacked libpython2.7-stdlib:amd64 2.7.12-1ubuntu0~16.04.3
2018-07-11 19:55:34 status half-configured libpython2.7-stdlib:amd64 2.7.12-1ubuntu0~16.04.3
2018-07-11 19:55:34 status installed libpython2.7-stdlib:amd64 2.7.12-1ubuntu0~16.04.3
2018-07-11 19:55:34 configure python2.7:amd64 2.7.12-1ubuntu0~16.04.3 <none>
2018-07-11 19:55:34 status unpacked python2.7:amd64 2.7.12-1ubuntu0~16.04.3
2018-07-11 19:55:34 status half-configured python2.7:amd64 2.7.12-1ubuntu0~16.04.3
2018-07-11 19:55:34 status installed python2.7:amd64 2.7.12-1ubuntu0~16.04.3
2018-07-11 19:55:34 configure libpython-stdlib:amd64 2.7.12-1~16.04 <none>
2018-07-11 19:55:34 status unpacked libpython-stdlib:amd64 2.7.12-1~16.04
2018-07-11 19:55:34 status half-configured libpython-stdlib:amd64 2.7.12-1~16.04
2018-07-11 19:55:34 status installed libpython-stdlib:amd64 2.7.12-1~16.04
2018-07-11 19:55:34 configure python:amd64 2.7.12-1~16.04 <none>
2018-07-11 19:55:34 status unpacked python:amd64 2.7.12-1~16.04
2018-07-11 19:55:34 status half-configured python:amd64 2.7.12-1~16.04
2018-07-11 19:55:34 status installed python:amd64 2.7.12-1~16.04
2018-07-11 19:55:34 configure python-markupsafe:amd64 0.23-2build2 <none>
2018-07-11 19:55:34 status unpacked python-markupsafe:amd64 0.23-2build2
2018-07-11 19:55:34 status half-configured python-markupsafe:amd64 0.23-2build2
2018-07-11 19:55:34 status installed python-markupsafe:amd64 0.23-2build2
2018-07-11 19:55:34 configure python-jinja2:all 2.8-1 <none>
2018-07-11 19:55:34 status unpacked python-jinja2:all 2.8-1
2018-07-11 19:55:34 status half-configured python-jinja2:all 2.8-1
2018-07-11 19:55:35 status installed python-jinja2:all 2.8-1
2018-07-11 19:55:35 configure python-yaml:amd64 3.11-3build1 <none>
2018-07-11 19:55:35 status unpacked python-yaml:amd64 3.11-3build1
2018-07-11 19:55:35 status half-configured python-yaml:amd64 3.11-3build1
2018-07-11 19:55:35 status installed python-yaml:amd64 3.11-3build1
2018-07-11 19:55:35 configure python-crypto:amd64 2.6.1-6ubuntu0.16.04.3 <none>
2018-07-11 19:55:35 status unpacked python-crypto:amd64 2.6.1-6ubuntu0.16.04.3
2018-07-11 19:55:35 status half-configured python-crypto:amd64 2.6.1-6ubuntu0.16.04.3
2018-07-11 19:55:35 status installed python-crypto:amd64 2.6.1-6ubuntu0.16.04.3
2018-07-11 19:55:35 configure python-six:all 1.10.0-3 <none>
2018-07-11 19:55:35 status unpacked python-six:all 1.10.0-3
2018-07-11 19:55:35 status half-configured python-six:all 1.10.0-3
2018-07-11 19:55:35 status installed python-six:all 1.10.0-3
2018-07-11 19:55:35 configure python-ecdsa:all 0.13-2 <none>
2018-07-11 19:55:35 status unpacked python-ecdsa:all 0.13-2
2018-07-11 19:55:35 status half-configured python-ecdsa:all 0.13-2
2018-07-11 19:55:35 status installed python-ecdsa:all 0.13-2
2018-07-11 19:55:35 configure python-paramiko:all 1.16.0-1ubuntu0.1 <none>
2018-07-11 19:55:35 status unpacked python-paramiko:all 1.16.0-1ubuntu0.1
2018-07-11 19:55:35 status half-configured python-paramiko:all 1.16.0-1ubuntu0.1
2018-07-11 19:55:35 status installed python-paramiko:all 1.16.0-1ubuntu0.1
2018-07-11 19:55:35 configure python-httplib2:all 0.9.1+dfsg-1 <none>
2018-07-11 19:55:35 status unpacked python-httplib2:all 0.9.1+dfsg-1
2018-07-11 19:55:35 status half-configured python-httplib2:all 0.9.1+dfsg-1
2018-07-11 19:55:35 status installed python-httplib2:all 0.9.1+dfsg-1
2018-07-11 19:55:35 configure python-pkg-resources:all 20.7.0-1 <none>
2018-07-11 19:55:35 status unpacked python-pkg-resources:all 20.7.0-1
2018-07-11 19:55:35 status half-configured python-pkg-resources:all 20.7.0-1
2018-07-11 19:55:35 status installed python-pkg-resources:all 20.7.0-1
2018-07-11 19:55:35 configure python-setuptools:all 20.7.0-1 <none>
2018-07-11 19:55:35 status unpacked python-setuptools:all 20.7.0-1
2018-07-11 19:55:35 status half-configured python-setuptools:all 20.7.0-1
2018-07-11 19:55:35 status installed python-setuptools:all 20.7.0-1
2018-07-11 19:55:35 configure sshpass:amd64 1.05-1 <none>
2018-07-11 19:55:35 status unpacked sshpass:amd64 1.05-1
2018-07-11 19:55:35 status half-configured sshpass:amd64 1.05-1
2018-07-11 19:55:35 status installed sshpass:amd64 1.05-1
2018-07-11 19:55:35 configure python-cffi-backend:amd64 1.5.2-1ubuntu1 <none>
2018-07-11 19:55:35 status unpacked python-cffi-backend:amd64 1.5.2-1ubuntu1
2018-07-11 19:55:35 status half-configured python-cffi-backend:amd64 1.5.2-1ubuntu1
2018-07-11 19:55:35 status installed python-cffi-backend:amd64 1.5.2-1ubuntu1
2018-07-11 19:55:36 configure python-enum34:all 1.1.2-1 <none>
2018-07-11 19:55:36 status unpacked python-enum34:all 1.1.2-1
2018-07-11 19:55:36 status half-configured python-enum34:all 1.1.2-1
2018-07-11 19:55:36 status installed python-enum34:all 1.1.2-1
2018-07-11 19:55:36 configure python-idna:all 2.0-3 <none>
2018-07-11 19:55:36 status unpacked python-idna:all 2.0-3
2018-07-11 19:55:36 status half-configured python-idna:all 2.0-3
2018-07-11 19:55:36 status installed python-idna:all 2.0-3
2018-07-11 19:55:36 configure python-ipaddress:all 1.0.16-1 <none>
2018-07-11 19:55:36 status unpacked python-ipaddress:all 1.0.16-1
2018-07-11 19:55:36 status half-configured python-ipaddress:all 1.0.16-1
2018-07-11 19:55:36 status installed python-ipaddress:all 1.0.16-1
2018-07-11 19:55:36 configure python-pyasn1:all 0.1.9-1 <none>
2018-07-11 19:55:36 status unpacked python-pyasn1:all 0.1.9-1
2018-07-11 19:55:36 status half-configured python-pyasn1:all 0.1.9-1
2018-07-11 19:55:36 status installed python-pyasn1:all 0.1.9-1
2018-07-11 19:55:36 configure python-cryptography:amd64 1.2.3-1ubuntu0.1 <none>
2018-07-11 19:55:36 status unpacked python-cryptography:amd64 1.2.3-1ubuntu0.1
2018-07-11 19:55:36 status half-configured python-cryptography:amd64 1.2.3-1ubuntu0.1
2018-07-11 19:55:36 status installed python-cryptography:amd64 1.2.3-1ubuntu0.1
2018-07-11 19:55:36 configure ansible:all 2.6.1-1ppa~xenial <none>
2018-07-11 19:55:36 status unpacked ansible:all 2.6.1-1ppa~xenial
2018-07-11 19:55:36 status unpacked ansible:all 2.6.1-1ppa~xenial
2018-07-11 19:55:36 status unpacked ansible:all 2.6.1-1ppa~xenial
2018-07-11 19:55:36 status half-configured ansible:all 2.6.1-1ppa~xenial
2018-07-11 19:55:39 status installed ansible:all 2.6.1-1ppa~xenial
2018-07-11 19:55:39 startup packages configure
