
Start-Date: 2018-07-05  17:02:19
Commandline: apt-get -y autoremove --purge iso-codes xauth pastebinit plymouth open-vm-tools git shared-mime-info vim vim-common console-setup ncurses-term tmux screen policykit-1 xdg-user-dirs less run-one apport-symptoms ubuntu-cloudimage-keyring file
Purge: libxdmcp6:amd64 (1:1.1.2-1.1), libpolkit-gobject-1-0:amd64 (0.105-14.1), iso-codes:amd64 (3.65-1), screen:amd64 (4.3.1-2build1), pollinate:amd64 (4.33-0ubuntu1~16.04.1), vim-common:amd64 (2:7.4.1689-3ubuntu1.2), ubuntu-cloudimage-keyring:amd64 (2013.11.11), python3-software-properties:amd64 (0.96.20.7), sgml-base:amd64 (1.26+nmu4ubuntu1), byobu:amd64 (5.106-0ubuntu1), xdg-user-dirs:amd64 (0.15-2ubuntu6.16.04.1), run-one:amd64 (1.17-0ubuntu1), pastebinit:amd64 (1.5-1), libicu55:amd64 (55.1-7ubuntu0.4), console-setup-linux:amd64 (1.108ubuntu15.4), libpython3.5:amd64 (3.5.2-2ubuntu0~16.04.4), open-vm-tools:amd64 (2:10.2.0-3~ubuntu0.16.04.1), git:amd64 (1:2.7.4-0ubuntu1.4), libpolkit-agent-1-0:amd64 (0.105-14.1), console-setup:amd64 (1.108ubuntu15.4), plymouth-theme-ubuntu-text:amd64 (0.9.2-3ubuntu13.5), ubuntu-server:amd64 (1.361.1), libmagic1:amd64 (1:5.25-2ubuntu1.1), xkb-data:amd64 (2.16-1ubuntu1), kbd:amd64 (1.15.5-1ubuntu5), libx11-6:amd64 (2:1.6.3-1ubuntu2), libplymouth4:amd64 (0.9.2-3ubuntu13.5), python3-pycurl:amd64 (7.43.0-1ubuntu1), xml-core:amd64 (0.13+nmu2), libxau6:amd64 (1:1.0.8-1), busybox-static:amd64 (1:1.22.0-15ubuntu1), libxcb1:amd64 (1.11.1-1ubuntu1), libxmlsec1-openssl:amd64 (1.2.20-2ubuntu4), libnewt0.52:amd64 (0.52.18-1ubuntu2), libmspack0:amd64 (0.5-1ubuntu0.16.04.1), libxmuu1:amd64 (2:1.1.2-2), vim-runtime:amd64 (2:7.4.1689-3ubuntu1.2), vim:amd64 (2:7.4.1689-3ubuntu1.2), libdrm2:amd64 (2.4.91-2~16.04.1), ncurses-term:amd64 (6.0+20160213-1ubuntu1), shared-mime-info:amd64 (1.5-2ubuntu0.1), libutempter0:amd64 (1.1.6-3), libpolkit-backend-1-0:amd64 (0.105-14.1), libx11-data:amd64 (2:1.6.3-1ubuntu2), keyboard-configuration:amd64 (1.108ubuntu15.4), plymouth:amd64 (0.9.2-3ubuntu13.5), python3-prettytable:amd64 (0.7.2-3), libevent-2.0-5:amd64 (2.0.21-stable-2ubuntu0.16.04.1), policykit-1:amd64 (0.105-14.1), libxml2:amd64 (2.9.3+dfsg1-1ubuntu0.5), file:amd64 (1:5.25-2ubuntu1.1), pciutils:amd64 (1:3.3.1-1.1ubuntu1.2), xauth:amd64 (1:1.0.9-1ubuntu2), tmux:amd64 (2.1-3build1), overlayroot:amd64 (0.27ubuntu1.5), libpci3:amd64 (1:3.3.1-1.1ubuntu1.2), apport-symptoms:amd64 (0.20), python3-newt:amd64 (0.52.18-1ubuntu2), cryptsetup:amd64 (2:1.6.6-5ubuntu2.1), libxmlsec1:amd64 (1.2.20-2ubuntu4), libdumbnet1:amd64 (1.12-7), less:amd64 (481-2.1ubuntu0.2), libfribidi0:amd64 (0.19.7-1), libxslt1.1:amd64 (1.1.28-2.1ubuntu0.1), libxext6:amd64 (2:1.3.3-1), libdrm-common:amd64 (2.4.91-2~16.04.1), libslang2:amd64 (2.3.0-2ubuntu1), software-properties-common:amd64 (0.96.20.7), liberror-perl:amd64 (0.17-1.2)
End-Date: 2018-07-05  17:02:28

Start-Date: 2018-07-05  17:02:29
Commandline: apt-get -y install --no-install-recommends pollinate
Install: pollinate:amd64 (4.33-0ubuntu1~16.04.1), vim-common:amd64 (2:7.4.1689-3ubuntu1.2, automatic)
End-Date: 2018-07-05  17:02:30

Start-Date: 2018-07-05  17:21:21
Commandline: apt-get remove --purge --assume-yes ^linux-.* linux-base+
Purge: linux-image-kvm:amd64 (4.4.0.1029.28), linux-image-4.4.0-1029-kvm:amd64 (4.4.0-1029.34)
End-Date: 2018-07-05  17:21:23

Start-Date: 2018-07-05  17:21:32
Commandline: apt-get install --assume-yes linux-aws
Install: linux-headers-aws:amd64 (4.4.0.1062.64, automatic), linux-aws:amd64 (4.4.0.1062.64), linux-headers-4.4.0-1062-aws:amd64 (4.4.0-1062.71, automatic), linux-aws-headers-4.4.0-1062:amd64 (4.4.0-1062.71, automatic), linux-image-aws:amd64 (4.4.0.1062.64, automatic), linux-image-4.4.0-1062-aws:amd64 (4.4.0-1062.71, automatic)
End-Date: 2018-07-05  17:21:59

Start-Date: 2018-07-05  17:22:02
Commandline: apt-get install --assume-yes hibagent
Install: hibagent:amd64 (1.0.1-0ubuntu1~16.04.1)
End-Date: 2018-07-05  17:22:02

Start-Date: 2018-07-11  19:54:29
Commandline: apt-get install git
Requested-By: ubuntu (1000)
Install: git:amd64 (1:2.7.4-0ubuntu1.4), less:amd64 (481-2.1ubuntu0.2, automatic), liberror-perl:amd64 (0.17-1.2, automatic)
End-Date: 2018-07-11  19:54:30

Start-Date: 2018-07-11  19:54:43
Commandline: apt-get install vim
Requested-By: ubuntu (1000)
Install: libpython3.5:amd64 (3.5.2-2ubuntu0~16.04.4, automatic), vim-runtime:amd64 (2:7.4.1689-3ubuntu1.2, automatic), vim:amd64 (2:7.4.1689-3ubuntu1.2)
End-Date: 2018-07-11  19:54:44

Start-Date: 2018-07-11  19:55:18
Commandline: apt-get install software-properties-common -y
Requested-By: ubuntu (1000)
Install: iso-codes:amd64 (3.65-1, automatic), python3-software-properties:amd64 (0.96.20.7, automatic), python3-pycurl:amd64 (7.43.0-1ubuntu1, automatic), software-properties-common:amd64 (0.96.20.7)
End-Date: 2018-07-11  19:55:20

Start-Date: 2018-07-11  19:55:30
Commandline: apt-get install ansible -y
Requested-By: ubuntu (1000)
Install: python-six:amd64 (1.10.0-3, automatic), python-markupsafe:amd64 (0.23-2build2, automatic), python-yaml:amd64 (3.11-3build1, automatic), python2.7-minimal:amd64 (2.7.12-1ubuntu0~16.04.3, automatic), python2.7:amd64 (2.7.12-1ubuntu0~16.04.3, automatic), python:amd64 (2.7.12-1~16.04, automatic), python-enum34:amd64 (1.1.2-1, automatic), python-cryptography:amd64 (1.2.3-1ubuntu0.1, automatic), python-crypto:amd64 (2.6.1-6ubuntu0.16.04.3, automatic), libpython-stdlib:amd64 (2.7.12-1~16.04, automatic), python-cffi-backend:amd64 (1.5.2-1ubuntu1, automatic), python-ipaddress:amd64 (1.0.16-1, automatic), python-jinja2:amd64 (2.8-1, automatic), python-paramiko:amd64 (1.16.0-1ubuntu0.1, automatic), python-ecdsa:amd64 (0.13-2, automatic), python-pkg-resources:amd64 (20.7.0-1, automatic), python-pyasn1:amd64 (0.1.9-1, automatic), python-setuptools:amd64 (20.7.0-1, automatic), libpython2.7-minimal:amd64 (2.7.12-1ubuntu0~16.04.3, automatic), python-idna:amd64 (2.0-3, automatic), libpython2.7-stdlib:amd64 (2.7.12-1ubuntu0~16.04.3, automatic), ansible:amd64 (2.6.1-1ppa~xenial), python-minimal:amd64 (2.7.12-1~16.04, automatic), sshpass:amd64 (1.05-1, automatic), python-httplib2:amd64 (0.9.1+dfsg-1, automatic)
End-Date: 2018-07-11  19:55:39
